[Header]
2017-09-21 00:00:00,199 [206] DEBUG - GetUserBaseInfo(CMBPayment.CommonDataAccess) Start
2017-09-21 00:00:00,203 [206] DEBUG - SELECT 
                            U.USER_ID,  
                            U.ROLE_ID,
                            R.ROLE_NM,
                            U.cmb_account,
                            R.amount_limit
                       FROM 
                            CMB_M_USER U
                       LEFT JOIN CMB_M_ROLE R
                       ON U.ROLE_ID = R.ROLE_ID
                       WHERE 
                            UPPER(U.USER_ID) = UPPER('1560003')
@USER_ID:'1560003'

2017-09-21 00:00:00,273 [206] DEBUG - 1行处理完成。
2017-09-21 00:00:00,274 [206] DEBUG - GetUserBaseInfo(CMBPayment.CommonDataAccess) End
2017-09-21 00:00:00,275 [206] DEBUG - InitUserInfo(CMBPayment.CommonController) End
2017-09-21 00:00:00,403 [207] DEBUG - GetSystemControlInfo(CMBPayment.CommonController) Start
2017-09-21 00:00:00,403 [207] DEBUG - GetSystemConfigInfo(CMBPayment.CommonDataAccess) Start
2017-09-21 00:00:00,403 [207] DEBUG - SELECT CONF_KEY,CONF_VALUE FROM CMB_M_SYSCONF

2017-09-21 00:00:00,463 [207] DEBUG - 1行处理完成。
2017-09-21 00:00:00,463 [207] DEBUG - GetSystemConfigInfo(CMBPayment.CommonDataAccess) End
2017-09-21 00:00:00,463 [207] DEBUG - GetSystemControlInfo(CMBPayment.CommonController) End
2017-09-21 00:00:00,464 [207] DEBUG - GetBatchList(CMBPayment.BatchController) Start
2017-09-21 00:00:00,465 [207] DEBUG - GetBatchList(CMBPayment.BatchDataAccess) Start
2017-09-21 00:00:00,468 [207] DEBUG - SP_WEB_PAGING(@TABLENAMES='	cmb_t_batch a
 left join cmb_m_code mc1 ON mc1.type = 'BATCH_STATUS' AND mc1.cd = a.status_id
',@COLUMNS='	  A.batch_id
	, A.pay_cnt
	, A.ttl_amt
	, A.status_id
	, MC1.CD_NM AS status
	, A.maker_id
	, convert(varchar,A.maker_time,103) maker_time
	, A.appr1_id
	, convert(varchar,A.appr1_time,103) appr1_time
	, A.appr2_id
	, convert(varchar,A.appr2_time,103) appr2_time
	, A.rejc_id
	, convert(varchar,A.rejc_time,103) rejc_time
	, convert(varchar,A.update_time,121) update_time
',@ORDERCOLUMNNAME='a.batch_id desc',@WHERE=' 1 = 1 ',@PAGECURRENTINDEX='1',@PAGEEACHSIZE='10',@PAGECOUNT='0',@ITEMSCOUNT='0',)
@TABLENAMES:'	cmb_t_batch a
 left join cmb_m_code mc1 ON mc1.type = 'BATCH_STATUS' AND mc1.cd = a.status_id
'
@COLUMNS:'	  A.batch_id
	, A.pay_cnt
	, A.ttl_amt
	, A.status_id
	, MC1.CD_NM AS status
	, A.maker_id
	, convert(varchar,A.maker_time,103) maker_time
	, A.appr1_id
	, convert(varchar,A.appr1_time,103) appr1_time
	, A.appr2_id
	, convert(varchar,A.appr2_time,103) appr2_time
	, A.rejc_id
	, convert(varchar,A.rejc_time,103) rejc_time
	, convert(varchar,A.update_time,121) update_time
'
@ORDERCOLUMNNAME:'a.batch_id desc'
@WHERE:' 1 = 1 '
@PAGECURRENTINDEX:'1'
@PAGEEACHSIZE:'10'
@PAGECOUNT:'0'
@ITEMSCOUNT:'0'

2017-09-21 00:00:00,537 [207] DEBUG - 10行处理完成。
2017-09-21 00:00:00,538 [207] DEBUG - GetBatchList(CMBPayment.BatchDataAccess) End
2017-09-21 00:00:00,538 [207] DEBUG - GetBatchList(CMBPayment.BatchController) End
2017-09-21 00:00:00,551 [207] INFO  - 1560003访问了batch。
2017-09-21 00:00:14,454 [208] DEBUG - GetSucBatchList(CMBPayment.BatchController) Start
2017-09-21 00:00:14,454 [208] DEBUG - GetSucBatchList(CMBPayment.BatchDataAccess) Start
2017-09-21 00:00:14,454 [208] DEBUG - SP_WEB_PAGING(@TABLENAMES='	cmb_t_batch a
 left join cmb_m_code mc1 ON mc1.type = 'BATCH_STATUS' AND mc1.cd = a.status_id
',@COLUMNS='	  A.batch_id
	, A.pay_cnt
	, A.ttl_amt
	, A.status_id
	, MC1.CD_NM AS status
	, A.maker_id
	, convert(varchar,A.maker_time,103) maker_time
	, A.appr1_id
	, convert(varchar,A.appr1_time,103) appr1_time
	, A.appr2_id
	, convert(varchar,A.appr2_time,103) appr2_time
	, A.rejc_id
	, convert(varchar,A.rejc_time,103) rejc_time
	, convert(varchar,A.update_time,121) update_time
',@ORDERCOLUMNNAME='a.batch_id desc',@WHERE=' 1 = 1  AND A.status_id in ('01') ',@PAGECURRENTINDEX='1',@PAGEEACHSIZE='10',@PAGECOUNT='0',@ITEMSCOUNT='0',)
@TABLENAMES:'	cmb_t_batch a
 left join cmb_m_code mc1 ON mc1.type = 'BATCH_STATUS' AND mc1.cd = a.status_id
'
@COLUMNS:'	  A.batch_id
	, A.pay_cnt
	, A.ttl_amt
	, A.status_id
	, MC1.CD_NM AS status
	, A.maker_id
	, convert(varchar,A.maker_time,103) maker_time
	, A.appr1_id
	, convert(varchar,A.appr1_time,103) appr1_time
	, A.appr2_id
	, convert(varchar,A.appr2_time,103) appr2_time
	, A.rejc_id
	, convert(varchar,A.rejc_time,103) rejc_time
	, convert(varchar,A.update_time,121) update_time
'
@ORDERCOLUMNNAME:'a.batch_id desc'
@WHERE:' 1 = 1  AND A.status_id in ('01') '
@PAGECURRENTINDEX:'1'
@PAGEEACHSIZE:'10'
@PAGECOUNT:'0'
@ITEMSCOUNT:'0'

2017-09-21 00:00:14,519 [208] DEBUG - 3行处理完成。
2017-09-21 00:00:14,519 [208] DEBUG - GetSucBatchList(CMBPayment.BatchDataAccess) End
2017-09-21 00:00:14,519 [208] DEBUG - GetSucBatchList(CMBPayment.BatchController) End
2017-09-21 00:00:14,524 [208] DEBUG - GetFailBatchList(CMBPayment.BatchController) Start
2017-09-21 00:00:14,524 [208] DEBUG - GetFailBatchList(CMBPayment.BatchDataAccess) Start
2017-09-21 00:00:14,525 [208] DEBUG - SP_WEB_PAGING(@TABLENAMES='	cmb_t_batch a
 left join cmb_m_code mc1 ON mc1.type = 'BATCH_STATUS' AND mc1.cd = a.status_id
',@COLUMNS='	  A.batch_id
	, A.pay_cnt
	, A.ttl_amt
	, A.status_id
	, MC1.CD_NM AS status
	, A.maker_id
	, convert(varchar,A.maker_time,103) maker_time
	, A.appr1_id
	, convert(varchar,A.appr1_time,103) appr1_time
	, A.appr2_id
	, convert(varchar,A.appr2_time,103) appr2_time
	, A.rejc_id
	, convert(varchar,A.rejc_time,103) rejc_time
	, convert(varchar,A.update_time,121) update_time
',@ORDERCOLUMNNAME='a.batch_id desc',@WHERE=' 1 = 1  AND A.status_id in ('97','98','99') ',@PAGECURRENTINDEX='1',@PAGEEACHSIZE='10',@PAGECOUNT='0',@ITEMSCOUNT='0',)
@TABLENAMES:'	cmb_t_batch a
 left join cmb_m_code mc1 ON mc1.type = 'BATCH_STATUS' AND mc1.cd = a.status_id
'
@COLUMNS:'	  A.batch_id
	, A.pay_cnt
	, A.ttl_amt
	, A.status_id
	, MC1.CD_NM AS status
	, A.maker_id
	, convert(varchar,A.maker_time,103) maker_time
	, A.appr1_id
	, convert(varchar,A.appr1_time,103) appr1_time
	, A.appr2_id
	, convert(varchar,A.appr2_time,103) appr2_time
	, A.rejc_id
	, convert(varchar,A.rejc_time,103) rejc_time
	, convert(varchar,A.update_time,121) update_time
'
@ORDERCOLUMNNAME:'a.batch_id desc'
@WHERE:' 1 = 1  AND A.status_id in ('97','98','99') '
@PAGECURRENTINDEX:'1'
@PAGEEACHSIZE:'10'
@PAGECOUNT:'0'
@ITEMSCOUNT:'0'

2017-09-21 00:00:14,602 [208] DEBUG - 1行处理完成。
2017-09-21 00:00:14,602 [208] DEBUG - GetFailBatchList(CMBPayment.BatchDataAccess) End
2017-09-21 00:00:14,602 [208] DEBUG - GetFailBatchList(CMBPayment.BatchController) End
2017-09-21 00:00:14,612 [208] INFO  - 1560003访问了batch。
2017-09-21 00:00:33,587 [207] DEBUG - btnManualUpload_Click(CMBPayment.maker) Start
2017-09-21 00:01:45,281 [207] DEBUG - btnManualUpload_Click(CMBPayment.maker) Start
2017-09-21 00:01:54,536 [207] DEBUG - btnManualUpload_Click(CMBPayment.maker) End
[Footer]
[Header]
2017-09-21 16:03:11,695 [9] DEBUG - InitUserInfo(CMBPayment.CommonController) Start
2017-09-21 16:03:11,762 [9] DEBUG - GetUserBaseInfo(CMBPayment.CommonDataAccess) Start
2017-09-21 16:03:11,764 [9] DEBUG - SELECT 
                            U.USER_ID,  
                            U.ROLE_ID,
                            R.ROLE_NM,
                            U.cmb_account,
                            R.amount_limit
                       FROM 
                            CMB_M_USER U
                       LEFT JOIN CMB_M_ROLE R
                       ON U.ROLE_ID = R.ROLE_ID
                       WHERE 
                            UPPER(U.USER_ID) = UPPER('1560003')
@USER_ID:'1560003'

2017-09-21 16:03:11,783 [9] DEBUG - 1行处理完成。
2017-09-21 16:03:11,783 [9] DEBUG - GetUserBaseInfo(CMBPayment.CommonDataAccess) End
2017-09-21 16:03:11,783 [9] DEBUG - InitUserInfo(CMBPayment.CommonController) End
2017-09-21 16:03:11,913 [10] DEBUG - GetSystemControlInfo(CMBPayment.CommonController) Start
2017-09-21 16:03:11,913 [10] DEBUG - GetSystemConfigInfo(CMBPayment.CommonDataAccess) Start
2017-09-21 16:03:11,914 [10] DEBUG - SELECT CONF_KEY,CONF_VALUE FROM CMB_M_SYSCONF

2017-09-21 16:03:11,918 [10] DEBUG - 3行处理完成。
2017-09-21 16:03:11,918 [10] DEBUG - GetSystemConfigInfo(CMBPayment.CommonDataAccess) End
2017-09-21 16:03:11,918 [10] DEBUG - GetSystemControlInfo(CMBPayment.CommonController) End
2017-09-21 16:03:11,919 [10] DEBUG - GetBatchList(CMBPayment.MainController) Start
2017-09-21 16:03:11,919 [10] DEBUG - GetBatchList(CMBPayment.MainDataAccess) Start
2017-09-21 16:03:11,921 [10] DEBUG - SP_WEB_PAGING(@TABLENAMES='	cmb_t_batch a
 left join cmb_m_code mc1 ON mc1.type = 'BATCH_STATUS' AND mc1.cd = a.status_id
',@COLUMNS='	  A.batch_id
	, A.pay_cnt
	, A.ttl_amt
	, A.status_id
	, MC1.CD_NM AS status
	, A.maker_id
	, convert(varchar,A.maker_time,103) maker_time
	, A.appr1_id
	, convert(varchar,A.appr1_time,103) appr1_time
	, A.appr2_id
	, convert(varchar,A.appr2_time,103) appr2_time
	, A.rejc_id
	, convert(varchar,A.rejc_time,103) rejc_time
	, convert(varchar,A.update_time,121) update_time
',@ORDERCOLUMNNAME='a.batch_id desc',@WHERE=' 1 = 1 ',@PAGECURRENTINDEX='1',@PAGEEACHSIZE='10',@PAGECOUNT='0',@ITEMSCOUNT='0',)
@TABLENAMES:'	cmb_t_batch a
 left join cmb_m_code mc1 ON mc1.type = 'BATCH_STATUS' AND mc1.cd = a.status_id
'
@COLUMNS:'	  A.batch_id
	, A.pay_cnt
	, A.ttl_amt
	, A.status_id
	, MC1.CD_NM AS status
	, A.maker_id
	, convert(varchar,A.maker_time,103) maker_time
	, A.appr1_id
	, convert(varchar,A.appr1_time,103) appr1_time
	, A.appr2_id
	, convert(varchar,A.appr2_time,103) appr2_time
	, A.rejc_id
	, convert(varchar,A.rejc_time,103) rejc_time
	, convert(varchar,A.update_time,121) update_time
'
@ORDERCOLUMNNAME:'a.batch_id desc'
@WHERE:' 1 = 1 '
@PAGECURRENTINDEX:'1'
@PAGEEACHSIZE:'10'
@PAGECOUNT:'0'
@ITEMSCOUNT:'0'

2017-09-21 16:03:11,937 [10] DEBUG - 10行处理完成。
2017-09-21 16:03:11,937 [10] DEBUG - GetBatchList(CMBPayment.MainDataAccess) End
2017-09-21 16:03:11,937 [10] DEBUG - GetBatchList(CMBPayment.MainController) End
2017-09-21 16:03:11,947 [10] INFO  - 1560003访问了batch。
[Footer]
[Header]
2017-09-21 16:04:54,545 [9] DEBUG - InitUserInfo(CMBPayment.CommonController) Start
2017-09-21 16:04:54,597 [9] DEBUG - GetUserBaseInfo(CMBPayment.CommonDataAccess) Start
2017-09-21 16:04:54,597 [9] DEBUG - SELECT 
                            U.USER_ID,  
                            U.ROLE_ID,
                            R.ROLE_NM,
                            U.cmb_account,
                            R.amount_limit
                       FROM 
                            CMB_M_USER U
                       LEFT JOIN CMB_M_ROLE R
                       ON U.ROLE_ID = R.ROLE_ID
                       WHERE 
                            UPPER(U.USER_ID) = UPPER('1560003')
@USER_ID:'1560003'

2017-09-21 16:04:54,602 [9] DEBUG - 1行处理完成。
2017-09-21 16:04:54,602 [9] DEBUG - GetUserBaseInfo(CMBPayment.CommonDataAccess) End
2017-09-21 16:04:54,602 [9] DEBUG - InitUserInfo(CMBPayment.CommonController) End
2017-09-21 16:04:54,621 [11] DEBUG - GetSystemControlInfo(CMBPayment.CommonController) Start
2017-09-21 16:04:54,621 [11] DEBUG - GetSystemConfigInfo(CMBPayment.CommonDataAccess) Start
2017-09-21 16:04:54,621 [11] DEBUG - SELECT CONF_KEY,CONF_VALUE FROM CMB_M_SYSCONF

2017-09-21 16:04:54,632 [11] DEBUG - 3行处理完成。
2017-09-21 16:04:54,632 [11] DEBUG - GetSystemConfigInfo(CMBPayment.CommonDataAccess) End
2017-09-21 16:04:54,632 [11] DEBUG - GetSystemControlInfo(CMBPayment.CommonController) End
2017-09-21 16:04:54,633 [11] DEBUG - GetBatchList(CMBPayment.MainController) Start
2017-09-21 16:04:54,633 [11] DEBUG - GetBatchList(CMBPayment.MainDataAccess) Start
2017-09-21 16:04:54,635 [11] DEBUG - SP_WEB_PAGING(@TABLENAMES='	cmb_t_batch a
 left join cmb_m_code mc1 ON mc1.type = 'BATCH_STATUS' AND mc1.cd = a.status_id
',@COLUMNS='	  A.batch_id
	, A.pay_cnt
	, A.ttl_amt
	, A.status_id
	, MC1.CD_NM AS status
	, A.maker_id
	, convert(varchar,A.maker_time,103) maker_time
	, A.appr1_id
	, convert(varchar,A.appr1_time,103) appr1_time
	, A.appr2_id
	, convert(varchar,A.appr2_time,103) appr2_time
	, A.rejc_id
	, convert(varchar,A.rejc_time,103) rejc_time
	, convert(varchar,A.update_time,121) update_time
',@ORDERCOLUMNNAME='a.batch_id desc',@WHERE=' 1 = 1 ',@PAGECURRENTINDEX='1',@PAGEEACHSIZE='10',@PAGECOUNT='0',@ITEMSCOUNT='0',)
@TABLENAMES:'	cmb_t_batch a
 left join cmb_m_code mc1 ON mc1.type = 'BATCH_STATUS' AND mc1.cd = a.status_id
'
@COLUMNS:'	  A.batch_id
	, A.pay_cnt
	, A.ttl_amt
	, A.status_id
	, MC1.CD_NM AS status
	, A.maker_id
	, convert(varchar,A.maker_time,103) maker_time
	, A.appr1_id
	, convert(varchar,A.appr1_time,103) appr1_time
	, A.appr2_id
	, convert(varchar,A.appr2_time,103) appr2_time
	, A.rejc_id
	, convert(varchar,A.rejc_time,103) rejc_time
	, convert(varchar,A.update_time,121) update_time
'
@ORDERCOLUMNNAME:'a.batch_id desc'
@WHERE:' 1 = 1 '
@PAGECURRENTINDEX:'1'
@PAGEEACHSIZE:'10'
@PAGECOUNT:'0'
@ITEMSCOUNT:'0'

2017-09-21 16:04:54,641 [11] DEBUG - 10行处理完成。
2017-09-21 16:04:54,641 [11] DEBUG - GetBatchList(CMBPayment.MainDataAccess) End
2017-09-21 16:04:54,641 [11] DEBUG - GetBatchList(CMBPayment.MainController) End
2017-09-21 16:04:54,649 [11] INFO  - 1560003访问了batch。
2017-09-21 16:04:58,333 [11] DEBUG - btnSearch_Click(CMBPayment.batch) Start
2017-09-21 16:04:58,333 [11] DEBUG - GetBatchList(CMBPayment.MainController) Start
2017-09-21 16:04:58,333 [11] DEBUG - GetBatchList(CMBPayment.MainDataAccess) Start
2017-09-21 16:04:58,333 [11] DEBUG - SP_WEB_PAGING(@TABLENAMES='	cmb_t_batch a
 left join cmb_m_code mc1 ON mc1.type = 'BATCH_STATUS' AND mc1.cd = a.status_id
',@COLUMNS='	  A.batch_id
	, A.pay_cnt
	, A.ttl_amt
	, A.status_id
	, MC1.CD_NM AS status
	, A.maker_id
	, convert(varchar,A.maker_time,103) maker_time
	, A.appr1_id
	, convert(varchar,A.appr1_time,103) appr1_time
	, A.appr2_id
	, convert(varchar,A.appr2_time,103) appr2_time
	, A.rejc_id
	, convert(varchar,A.rejc_time,103) rejc_time
	, convert(varchar,A.update_time,121) update_time
',@ORDERCOLUMNNAME='a.batch_id desc',@WHERE=' 1 = 1  AND A.status_id  = '01'',@PAGECURRENTINDEX='1',@PAGEEACHSIZE='10',@PAGECOUNT='0',@ITEMSCOUNT='0',)
@TABLENAMES:'	cmb_t_batch a
 left join cmb_m_code mc1 ON mc1.type = 'BATCH_STATUS' AND mc1.cd = a.status_id
'
@COLUMNS:'	  A.batch_id
	, A.pay_cnt
	, A.ttl_amt
	, A.status_id
	, MC1.CD_NM AS status
	, A.maker_id
	, convert(varchar,A.maker_time,103) maker_time
	, A.appr1_id
	, convert(varchar,A.appr1_time,103) appr1_time
	, A.appr2_id
	, convert(varchar,A.appr2_time,103) appr2_time
	, A.rejc_id
	, convert(varchar,A.rejc_time,103) rejc_time
	, convert(varchar,A.update_time,121) update_time
'
@ORDERCOLUMNNAME:'a.batch_id desc'
@WHERE:' 1 = 1  AND A.status_id  = '01''
@PAGECURRENTINDEX:'1'
@PAGEEACHSIZE:'10'
@PAGECOUNT:'0'
@ITEMSCOUNT:'0'

2017-09-21 16:04:58,348 [11] DEBUG - 3行处理完成。
2017-09-21 16:04:58,348 [11] DEBUG - GetBatchList(CMBPayment.MainDataAccess) End
2017-09-21 16:04:58,348 [11] DEBUG - GetBatchList(CMBPayment.MainController) End
2017-09-21 16:04:58,349 [11] INFO  - 1560003按下了查询。
2017-09-21 16:04:58,349 [11] DEBUG - btnSearch_Click(CMBPayment.batch) End
2017-09-21 16:05:01,492 [9] DEBUG - btnSearch_Click(CMBPayment.batch) Start
2017-09-21 16:05:01,492 [9] DEBUG - GetBatchList(CMBPayment.MainController) Start
2017-09-21 16:05:01,492 [9] DEBUG - GetBatchList(CMBPayment.MainDataAccess) Start
2017-09-21 16:05:01,492 [9] DEBUG - SP_WEB_PAGING(@TABLENAMES='	cmb_t_batch a
 left join cmb_m_code mc1 ON mc1.type = 'BATCH_STATUS' AND mc1.cd = a.status_id
',@COLUMNS='	  A.batch_id
	, A.pay_cnt
	, A.ttl_amt
	, A.status_id
	, MC1.CD_NM AS status
	, A.maker_id
	, convert(varchar,A.maker_time,103) maker_time
	, A.appr1_id
	, convert(varchar,A.appr1_time,103) appr1_time
	, A.appr2_id
	, convert(varchar,A.appr2_time,103) appr2_time
	, A.rejc_id
	, convert(varchar,A.rejc_time,103) rejc_time
	, convert(varchar,A.update_time,121) update_time
',@ORDERCOLUMNNAME='a.batch_id desc',@WHERE=' 1 = 1  AND A.status_id  = '02'',@PAGECURRENTINDEX='1',@PAGEEACHSIZE='10',@PAGECOUNT='0',@ITEMSCOUNT='0',)
@TABLENAMES:'	cmb_t_batch a
 left join cmb_m_code mc1 ON mc1.type = 'BATCH_STATUS' AND mc1.cd = a.status_id
'
@COLUMNS:'	  A.batch_id
	, A.pay_cnt
	, A.ttl_amt
	, A.status_id
	, MC1.CD_NM AS status
	, A.maker_id
	, convert(varchar,A.maker_time,103) maker_time
	, A.appr1_id
	, convert(varchar,A.appr1_time,103) appr1_time
	, A.appr2_id
	, convert(varchar,A.appr2_time,103) appr2_time
	, A.rejc_id
	, convert(varchar,A.rejc_time,103) rejc_time
	, convert(varchar,A.update_time,121) update_time
'
@ORDERCOLUMNNAME:'a.batch_id desc'
@WHERE:' 1 = 1  AND A.status_id  = '02''
@PAGECURRENTINDEX:'1'
@PAGEEACHSIZE:'10'
@PAGECOUNT:'0'
@ITEMSCOUNT:'0'

2017-09-21 16:05:01,510 [9] DEBUG - 3行处理完成。
2017-09-21 16:05:01,510 [9] DEBUG - GetBatchList(CMBPayment.MainDataAccess) End
2017-09-21 16:05:01,510 [9] DEBUG - GetBatchList(CMBPayment.MainController) End
2017-09-21 16:05:01,511 [9] INFO  - 1560003按下了查询。
2017-09-21 16:05:01,511 [9] DEBUG - btnSearch_Click(CMBPayment.batch) End
2017-09-21 16:05:21,372 [9] DEBUG - btnSearch_Click(CMBPayment.batch) Start
2017-09-21 16:05:21,373 [9] DEBUG - GetBatchList(CMBPayment.MainController) Start
2017-09-21 16:05:21,373 [9] DEBUG - GetBatchList(CMBPayment.MainDataAccess) Start
2017-09-21 16:05:21,373 [9] DEBUG - SP_WEB_PAGING(@TABLENAMES='	cmb_t_batch a
 left join cmb_m_code mc1 ON mc1.type = 'BATCH_STATUS' AND mc1.cd = a.status_id
',@COLUMNS='	  A.batch_id
	, A.pay_cnt
	, A.ttl_amt
	, A.status_id
	, MC1.CD_NM AS status
	, A.maker_id
	, convert(varchar,A.maker_time,103) maker_time
	, A.appr1_id
	, convert(varchar,A.appr1_time,103) appr1_time
	, A.appr2_id
	, convert(varchar,A.appr2_time,103) appr2_time
	, A.rejc_id
	, convert(varchar,A.rejc_time,103) rejc_time
	, convert(varchar,A.update_time,121) update_time
',@ORDERCOLUMNNAME='a.batch_id desc',@WHERE=' 1 = 1  AND A.status_id  = '03'',@PAGECURRENTINDEX='1',@PAGEEACHSIZE='10',@PAGECOUNT='0',@ITEMSCOUNT='0',)
@TABLENAMES:'	cmb_t_batch a
 left join cmb_m_code mc1 ON mc1.type = 'BATCH_STATUS' AND mc1.cd = a.status_id
'
@COLUMNS:'	  A.batch_id
	, A.pay_cnt
	, A.ttl_amt
	, A.status_id
	, MC1.CD_NM AS status
	, A.maker_id
	, convert(varchar,A.maker_time,103) maker_time
	, A.appr1_id
	, convert(varchar,A.appr1_time,103) appr1_time
	, A.appr2_id
	, convert(varchar,A.appr2_time,103) appr2_time
	, A.rejc_id
	, convert(varchar,A.rejc_time,103) rejc_time
	, convert(varchar,A.update_time,121) update_time
'
@ORDERCOLUMNNAME:'a.batch_id desc'
@WHERE:' 1 = 1  AND A.status_id  = '03''
@PAGECURRENTINDEX:'1'
@PAGEEACHSIZE:'10'
@PAGECOUNT:'0'
@ITEMSCOUNT:'0'

2017-09-21 16:05:21,391 [9] DEBUG - 5行处理完成。
2017-09-21 16:05:21,391 [9] DEBUG - GetBatchList(CMBPayment.MainDataAccess) End
2017-09-21 16:05:21,391 [9] DEBUG - GetBatchList(CMBPayment.MainController) End
2017-09-21 16:05:21,392 [9] INFO  - 1560003按下了查询。
2017-09-21 16:05:21,392 [9] DEBUG - btnSearch_Click(CMBPayment.batch) End
2017-09-21 16:05:29,985 [10] DEBUG - btnSearch_Click(CMBPayment.batch) Start
2017-09-21 16:05:29,986 [10] DEBUG - GetBatchList(CMBPayment.MainController) Start
2017-09-21 16:05:29,986 [10] DEBUG - GetBatchList(CMBPayment.MainDataAccess) Start
2017-09-21 16:05:29,986 [10] DEBUG - SP_WEB_PAGING(@TABLENAMES='	cmb_t_batch a
 left join cmb_m_code mc1 ON mc1.type = 'BATCH_STATUS' AND mc1.cd = a.status_id
',@COLUMNS='	  A.batch_id
	, A.pay_cnt
	, A.ttl_amt
	, A.status_id
	, MC1.CD_NM AS status
	, A.maker_id
	, convert(varchar,A.maker_time,103) maker_time
	, A.appr1_id
	, convert(varchar,A.appr1_time,103) appr1_time
	, A.appr2_id
	, convert(varchar,A.appr2_time,103) appr2_time
	, A.rejc_id
	, convert(varchar,A.rejc_time,103) rejc_time
	, convert(varchar,A.update_time,121) update_time
',@ORDERCOLUMNNAME='a.batch_id desc',@WHERE=' 1 = 1  AND A.status_id  = '04'',@PAGECURRENTINDEX='1',@PAGEEACHSIZE='10',@PAGECOUNT='0',@ITEMSCOUNT='0',)
@TABLENAMES:'	cmb_t_batch a
 left join cmb_m_code mc1 ON mc1.type = 'BATCH_STATUS' AND mc1.cd = a.status_id
'
@COLUMNS:'	  A.batch_id
	, A.pay_cnt
	, A.ttl_amt
	, A.status_id
	, MC1.CD_NM AS status
	, A.maker_id
	, convert(varchar,A.maker_time,103) maker_time
	, A.appr1_id
	, convert(varchar,A.appr1_time,103) appr1_time
	, A.appr2_id
	, convert(varchar,A.appr2_time,103) appr2_time
	, A.rejc_id
	, convert(varchar,A.rejc_time,103) rejc_time
	, convert(varchar,A.update_time,121) update_time
'
@ORDERCOLUMNNAME:'a.batch_id desc'
@WHERE:' 1 = 1  AND A.status_id  = '04''
@PAGECURRENTINDEX:'1'
@PAGEEACHSIZE:'10'
@PAGECOUNT:'0'
@ITEMSCOUNT:'0'

2017-09-21 16:05:30,003 [10] DEBUG - 0行处理完成。
2017-09-21 16:05:30,003 [10] DEBUG - GetBatchList(CMBPayment.MainDataAccess) End
2017-09-21 16:05:30,004 [10] DEBUG - GetBatchList(CMBPayment.MainController) End
2017-09-21 16:05:36,383 [7] DEBUG - btnSearch_Click(CMBPayment.batch) Start
2017-09-21 16:05:36,383 [7] DEBUG - GetBatchList(CMBPayment.MainController) Start
2017-09-21 16:05:36,383 [7] DEBUG - GetBatchList(CMBPayment.MainDataAccess) Start
2017-09-21 16:05:36,384 [7] DEBUG - SP_WEB_PAGING(@TABLENAMES='	cmb_t_batch a
 left join cmb_m_code mc1 ON mc1.type = 'BATCH_STATUS' AND mc1.cd = a.status_id
',@COLUMNS='	  A.batch_id
	, A.pay_cnt
	, A.ttl_amt
	, A.status_id
	, MC1.CD_NM AS status
	, A.maker_id
	, convert(varchar,A.maker_time,103) maker_time
	, A.appr1_id
	, convert(varchar,A.appr1_time,103) appr1_time
	, A.appr2_id
	, convert(varchar,A.appr2_time,103) appr2_time
	, A.rejc_id
	, convert(varchar,A.rejc_time,103) rejc_time
	, convert(varchar,A.update_time,121) update_time
',@ORDERCOLUMNNAME='a.batch_id desc',@WHERE=' 1 = 1  AND A.status_id  = '05'',@PAGECURRENTINDEX='1',@PAGEEACHSIZE='10',@PAGECOUNT='0',@ITEMSCOUNT='0',)
@TABLENAMES:'	cmb_t_batch a
 left join cmb_m_code mc1 ON mc1.type = 'BATCH_STATUS' AND mc1.cd = a.status_id
'
@COLUMNS:'	  A.batch_id
	, A.pay_cnt
	, A.ttl_amt
	, A.status_id
	, MC1.CD_NM AS status
	, A.maker_id
	, convert(varchar,A.maker_time,103) maker_time
	, A.appr1_id
	, convert(varchar,A.appr1_time,103) appr1_time
	, A.appr2_id
	, convert(varchar,A.appr2_time,103) appr2_time
	, A.rejc_id
	, convert(varchar,A.rejc_time,103) rejc_time
	, convert(varchar,A.update_time,121) update_time
'
@ORDERCOLUMNNAME:'a.batch_id desc'
@WHERE:' 1 = 1  AND A.status_id  = '05''
@PAGECURRENTINDEX:'1'
@PAGEEACHSIZE:'10'
@PAGECOUNT:'0'
@ITEMSCOUNT:'0'

2017-09-21 16:05:36,401 [7] DEBUG - 0行处理完成。
2017-09-21 16:05:36,401 [7] DEBUG - GetBatchList(CMBPayment.MainDataAccess) End
2017-09-21 16:05:36,401 [7] DEBUG - GetBatchList(CMBPayment.MainController) End
2017-09-21 16:05:43,473 [11] DEBUG - btnSearch_Click(CMBPayment.batch) Start
2017-09-21 16:05:43,473 [11] DEBUG - GetBatchList(CMBPayment.MainController) Start
2017-09-21 16:05:43,473 [11] DEBUG - GetBatchList(CMBPayment.MainDataAccess) Start
2017-09-21 16:05:43,473 [11] DEBUG - SP_WEB_PAGING(@TABLENAMES='	cmb_t_batch a
 left join cmb_m_code mc1 ON mc1.type = 'BATCH_STATUS' AND mc1.cd = a.status_id
',@COLUMNS='	  A.batch_id
	, A.pay_cnt
	, A.ttl_amt
	, A.status_id
	, MC1.CD_NM AS status
	, A.maker_id
	, convert(varchar,A.maker_time,103) maker_time
	, A.appr1_id
	, convert(varchar,A.appr1_time,103) appr1_time
	, A.appr2_id
	, convert(varchar,A.appr2_time,103) appr2_time
	, A.rejc_id
	, convert(varchar,A.rejc_time,103) rejc_time
	, convert(varchar,A.update_time,121) update_time
',@ORDERCOLUMNNAME='a.batch_id desc',@WHERE=' 1 = 1  AND A.status_id  = '05'',@PAGECURRENTINDEX='1',@PAGEEACHSIZE='10',@PAGECOUNT='0',@ITEMSCOUNT='0',)
@TABLENAMES:'	cmb_t_batch a
 left join cmb_m_code mc1 ON mc1.type = 'BATCH_STATUS' AND mc1.cd = a.status_id
'
@COLUMNS:'	  A.batch_id
	, A.pay_cnt
	, A.ttl_amt
	, A.status_id
	, MC1.CD_NM AS status
	, A.maker_id
	, convert(varchar,A.maker_time,103) maker_time
	, A.appr1_id
	, convert(varchar,A.appr1_time,103) appr1_time
	, A.appr2_id
	, convert(varchar,A.appr2_time,103) appr2_time
	, A.rejc_id
	, convert(varchar,A.rejc_time,103) rejc_time
	, convert(varchar,A.update_time,121) update_time
'
@ORDERCOLUMNNAME:'a.batch_id desc'
@WHERE:' 1 = 1  AND A.status_id  = '05''
@PAGECURRENTINDEX:'1'
@PAGEEACHSIZE:'10'
@PAGECOUNT:'0'
@ITEMSCOUNT:'0'

2017-09-21 16:05:43,478 [11] DEBUG - 0行处理完成。
2017-09-21 16:05:43,478 [11] DEBUG - GetBatchList(CMBPayment.MainDataAccess) End
2017-09-21 16:05:43,478 [11] DEBUG - GetBatchList(CMBPayment.MainController) End
2017-09-21 16:05:44,017 [11] DEBUG - btnSearch_Click(CMBPayment.batch) Start
2017-09-21 16:05:44,018 [11] DEBUG - GetBatchList(CMBPayment.MainController) Start
2017-09-21 16:05:44,018 [11] DEBUG - GetBatchList(CMBPayment.MainDataAccess) Start
2017-09-21 16:05:44,018 [11] DEBUG - SP_WEB_PAGING(@TABLENAMES='	cmb_t_batch a
 left join cmb_m_code mc1 ON mc1.type = 'BATCH_STATUS' AND mc1.cd = a.status_id
',@COLUMNS='	  A.batch_id
	, A.pay_cnt
	, A.ttl_amt
	, A.status_id
	, MC1.CD_NM AS status
	, A.maker_id
	, convert(varchar,A.maker_time,103) maker_time
	, A.appr1_id
	, convert(varchar,A.appr1_time,103) appr1_time
	, A.appr2_id
	, convert(varchar,A.appr2_time,103) appr2_time
	, A.rejc_id
	, convert(varchar,A.rejc_time,103) rejc_time
	, convert(varchar,A.update_time,121) update_time
',@ORDERCOLUMNNAME='a.batch_id desc',@WHERE=' 1 = 1  AND A.status_id  = '05'',@PAGECURRENTINDEX='1',@PAGEEACHSIZE='10',@PAGECOUNT='0',@ITEMSCOUNT='0',)
@TABLENAMES:'	cmb_t_batch a
 left join cmb_m_code mc1 ON mc1.type = 'BATCH_STATUS' AND mc1.cd = a.status_id
'
@COLUMNS:'	  A.batch_id
	, A.pay_cnt
	, A.ttl_amt
	, A.status_id
	, MC1.CD_NM AS status
	, A.maker_id
	, convert(varchar,A.maker_time,103) maker_time
	, A.appr1_id
	, convert(varchar,A.appr1_time,103) appr1_time
	, A.appr2_id
	, convert(varchar,A.appr2_time,103) appr2_time
	, A.rejc_id
	, convert(varchar,A.rejc_time,103) rejc_time
	, convert(varchar,A.update_time,121) update_time
'
@ORDERCOLUMNNAME:'a.batch_id desc'
@WHERE:' 1 = 1  AND A.status_id  = '05''
@PAGECURRENTINDEX:'1'
@PAGEEACHSIZE:'10'
@PAGECOUNT:'0'
@ITEMSCOUNT:'0'

2017-09-21 16:05:44,023 [11] DEBUG - 0行处理完成。
2017-09-21 16:05:44,023 [11] DEBUG - GetBatchList(CMBPayment.MainDataAccess) End
2017-09-21 16:05:44,023 [11] DEBUG - GetBatchList(CMBPayment.MainController) End
[Footer]
[Header]
2017-09-21 16:06:25,812 [21] DEBUG - InitUserInfo(CMBPayment.CommonController) Start
2017-09-21 16:06:25,845 [21] DEBUG - GetUserBaseInfo(CMBPayment.CommonDataAccess) Start
2017-09-21 16:06:25,845 [21] DEBUG - SELECT 
                            U.USER_ID,  
                            U.ROLE_ID,
                            R.ROLE_NM,
                            U.cmb_account,
                            R.amount_limit
                       FROM 
                            CMB_M_USER U
                       LEFT JOIN CMB_M_ROLE R
                       ON U.ROLE_ID = R.ROLE_ID
                       WHERE 
                            UPPER(U.USER_ID) = UPPER('1560003')
@USER_ID:'1560003'

2017-09-21 16:06:25,850 [21] DEBUG - 1行处理完成。
2017-09-21 16:06:25,850 [21] DEBUG - GetUserBaseInfo(CMBPayment.CommonDataAccess) End
2017-09-21 16:06:25,850 [21] DEBUG - InitUserInfo(CMBPayment.CommonController) End
2017-09-21 16:06:25,946 [10] DEBUG - GetSystemControlInfo(CMBPayment.CommonController) Start
2017-09-21 16:06:25,947 [10] DEBUG - GetSystemConfigInfo(CMBPayment.CommonDataAccess) Start
2017-09-21 16:06:25,947 [10] DEBUG - SELECT CONF_KEY,CONF_VALUE FROM CMB_M_SYSCONF

2017-09-21 16:06:25,950 [10] DEBUG - 3行处理完成。
2017-09-21 16:06:25,950 [10] DEBUG - GetSystemConfigInfo(CMBPayment.CommonDataAccess) End
2017-09-21 16:06:25,950 [10] DEBUG - GetSystemControlInfo(CMBPayment.CommonController) End
2017-09-21 16:06:25,951 [10] DEBUG - GetBatchList(CMBPayment.MainController) Start
2017-09-21 16:06:25,951 [10] DEBUG - GetBatchList(CMBPayment.MainDataAccess) Start
2017-09-21 16:06:25,953 [10] DEBUG - SP_WEB_PAGING(@TABLENAMES='	cmb_t_batch a
 left join cmb_m_code mc1 ON mc1.type = 'BATCH_STATUS' AND mc1.cd = a.status_id
',@COLUMNS='	  A.batch_id
	, A.pay_cnt
	, A.ttl_amt
	, A.status_id
	, MC1.CD_NM AS status
	, A.maker_id
	, convert(varchar,A.maker_time,103) maker_time
	, A.appr1_id
	, convert(varchar,A.appr1_time,103) appr1_time
	, A.appr2_id
	, convert(varchar,A.appr2_time,103) appr2_time
	, A.rejc_id
	, convert(varchar,A.rejc_time,103) rejc_time
	, convert(varchar,A.update_time,121) update_time
',@ORDERCOLUMNNAME='a.batch_id desc',@WHERE=' 1 = 1 ',@PAGECURRENTINDEX='1',@PAGEEACHSIZE='10',@PAGECOUNT='0',@ITEMSCOUNT='0',)
@TABLENAMES:'	cmb_t_batch a
 left join cmb_m_code mc1 ON mc1.type = 'BATCH_STATUS' AND mc1.cd = a.status_id
'
@COLUMNS:'	  A.batch_id
	, A.pay_cnt
	, A.ttl_amt
	, A.status_id
	, MC1.CD_NM AS status
	, A.maker_id
	, convert(varchar,A.maker_time,103) maker_time
	, A.appr1_id
	, convert(varchar,A.appr1_time,103) appr1_time
	, A.appr2_id
	, convert(varchar,A.appr2_time,103) appr2_time
	, A.rejc_id
	, convert(varchar,A.rejc_time,103) rejc_time
	, convert(varchar,A.update_time,121) update_time
'
@ORDERCOLUMNNAME:'a.batch_id desc'
@WHERE:' 1 = 1 '
@PAGECURRENTINDEX:'1'
@PAGEEACHSIZE:'10'
@PAGECOUNT:'0'
@ITEMSCOUNT:'0'

2017-09-21 16:06:25,959 [10] DEBUG - 10行处理完成。
2017-09-21 16:06:25,959 [10] DEBUG - GetBatchList(CMBPayment.MainDataAccess) End
2017-09-21 16:06:25,959 [10] DEBUG - GetBatchList(CMBPayment.MainController) End
2017-09-21 16:06:25,967 [10] INFO  - 1560003访问了batch。
2017-09-21 16:07:01,690 [23] DEBUG - btnSearch_Click(CMBPayment.batch) Start
2017-09-21 16:07:07,234 [23] DEBUG - GetBatchList(CMBPayment.MainController) Start
2017-09-21 16:07:07,234 [23] DEBUG - GetBatchList(CMBPayment.MainDataAccess) Start
2017-09-21 16:07:07,234 [23] DEBUG - SP_WEB_PAGING(@TABLENAMES='	cmb_t_batch a
 left join cmb_m_code mc1 ON mc1.type = 'BATCH_STATUS' AND mc1.cd = a.status_id
',@COLUMNS='	  A.batch_id
	, A.pay_cnt
	, A.ttl_amt
	, A.status_id
	, MC1.CD_NM AS status
	, A.maker_id
	, convert(varchar,A.maker_time,103) maker_time
	, A.appr1_id
	, convert(varchar,A.appr1_time,103) appr1_time
	, A.appr2_id
	, convert(varchar,A.appr2_time,103) appr2_time
	, A.rejc_id
	, convert(varchar,A.rejc_time,103) rejc_time
	, convert(varchar,A.update_time,121) update_time
',@ORDERCOLUMNNAME='a.batch_id desc',@WHERE=' 1 = 1  AND A.status_id  = '05'',@PAGECURRENTINDEX='1',@PAGEEACHSIZE='10',@PAGECOUNT='0',@ITEMSCOUNT='0',)
@TABLENAMES:'	cmb_t_batch a
 left join cmb_m_code mc1 ON mc1.type = 'BATCH_STATUS' AND mc1.cd = a.status_id
'
@COLUMNS:'	  A.batch_id
	, A.pay_cnt
	, A.ttl_amt
	, A.status_id
	, MC1.CD_NM AS status
	, A.maker_id
	, convert(varchar,A.maker_time,103) maker_time
	, A.appr1_id
	, convert(varchar,A.appr1_time,103) appr1_time
	, A.appr2_id
	, convert(varchar,A.appr2_time,103) appr2_time
	, A.rejc_id
	, convert(varchar,A.rejc_time,103) rejc_time
	, convert(varchar,A.update_time,121) update_time
'
@ORDERCOLUMNNAME:'a.batch_id desc'
@WHERE:' 1 = 1  AND A.status_id  = '05''
@PAGECURRENTINDEX:'1'
@PAGEEACHSIZE:'10'
@PAGECOUNT:'0'
@ITEMSCOUNT:'0'

2017-09-21 16:07:07,240 [23] DEBUG - 0行处理完成。
2017-09-21 16:07:07,240 [23] DEBUG - GetBatchList(CMBPayment.MainDataAccess) End
2017-09-21 16:07:07,240 [23] DEBUG - GetBatchList(CMBPayment.MainController) End
2017-09-21 16:08:49,394 [21] DEBUG - btnSearch_Click(CMBPayment.batch) Start
2017-09-21 16:08:51,993 [21] DEBUG - GetBatchList(CMBPayment.MainController) Start
2017-09-21 16:08:51,993 [21] DEBUG - GetBatchList(CMBPayment.MainDataAccess) Start
2017-09-21 16:08:51,993 [21] DEBUG - SP_WEB_PAGING(@TABLENAMES='	cmb_t_batch a
 left join cmb_m_code mc1 ON mc1.type = 'BATCH_STATUS' AND mc1.cd = a.status_id
',@COLUMNS='	  A.batch_id
	, A.pay_cnt
	, A.ttl_amt
	, A.status_id
	, MC1.CD_NM AS status
	, A.maker_id
	, convert(varchar,A.maker_time,103) maker_time
	, A.appr1_id
	, convert(varchar,A.appr1_time,103) appr1_time
	, A.appr2_id
	, convert(varchar,A.appr2_time,103) appr2_time
	, A.rejc_id
	, convert(varchar,A.rejc_time,103) rejc_time
	, convert(varchar,A.update_time,121) update_time
',@ORDERCOLUMNNAME='a.batch_id desc',@WHERE=' 1 = 1  AND A.status_id  = '05'',@PAGECURRENTINDEX='1',@PAGEEACHSIZE='10',@PAGECOUNT='0',@ITEMSCOUNT='0',)
@TABLENAMES:'	cmb_t_batch a
 left join cmb_m_code mc1 ON mc1.type = 'BATCH_STATUS' AND mc1.cd = a.status_id
'
@COLUMNS:'	  A.batch_id
	, A.pay_cnt
	, A.ttl_amt
	, A.status_id
	, MC1.CD_NM AS status
	, A.maker_id
	, convert(varchar,A.maker_time,103) maker_time
	, A.appr1_id
	, convert(varchar,A.appr1_time,103) appr1_time
	, A.appr2_id
	, convert(varchar,A.appr2_time,103) appr2_time
	, A.rejc_id
	, convert(varchar,A.rejc_time,103) rejc_time
	, convert(varchar,A.update_time,121) update_time
'
@ORDERCOLUMNNAME:'a.batch_id desc'
@WHERE:' 1 = 1  AND A.status_id  = '05''
@PAGECURRENTINDEX:'1'
@PAGEEACHSIZE:'10'
@PAGECOUNT:'0'
@ITEMSCOUNT:'0'

2017-09-21 16:08:52,000 [21] DEBUG - 0行处理完成。
2017-09-21 16:08:52,001 [21] DEBUG - GetBatchList(CMBPayment.MainDataAccess) End
2017-09-21 16:08:52,001 [21] DEBUG - GetBatchList(CMBPayment.MainController) End
[Footer]
[Header]
2017-09-21 16:10:49,800 [29] DEBUG - InitUserInfo(CMBPayment.CommonController) Start
2017-09-21 16:10:49,832 [29] DEBUG - GetUserBaseInfo(CMBPayment.CommonDataAccess) Start
2017-09-21 16:10:49,833 [29] DEBUG - SELECT 
                            U.USER_ID,  
                            U.ROLE_ID,
                            R.ROLE_NM,
                            U.cmb_account,
                            R.amount_limit
                       FROM 
                            CMB_M_USER U
                       LEFT JOIN CMB_M_ROLE R
                       ON U.ROLE_ID = R.ROLE_ID
                       WHERE 
                            UPPER(U.USER_ID) = UPPER('1560003')
@USER_ID:'1560003'

2017-09-21 16:10:49,837 [29] DEBUG - 1行处理完成。
2017-09-21 16:10:49,838 [29] DEBUG - GetUserBaseInfo(CMBPayment.CommonDataAccess) End
2017-09-21 16:10:49,838 [29] DEBUG - InitUserInfo(CMBPayment.CommonController) End
2017-09-21 16:10:49,856 [21] DEBUG - GetSystemControlInfo(CMBPayment.CommonController) Start
2017-09-21 16:10:49,856 [21] DEBUG - GetSystemConfigInfo(CMBPayment.CommonDataAccess) Start
2017-09-21 16:10:49,856 [21] DEBUG - SELECT CONF_KEY,CONF_VALUE FROM CMB_M_SYSCONF

2017-09-21 16:10:49,859 [21] DEBUG - 3行处理完成。
2017-09-21 16:10:49,859 [21] DEBUG - GetSystemConfigInfo(CMBPayment.CommonDataAccess) End
2017-09-21 16:10:49,859 [21] DEBUG - GetSystemControlInfo(CMBPayment.CommonController) End
2017-09-21 16:10:49,860 [21] DEBUG - GetBatchList(CMBPayment.MainController) Start
2017-09-21 16:10:49,860 [21] DEBUG - GetBatchList(CMBPayment.MainDataAccess) Start
2017-09-21 16:10:49,861 [21] DEBUG - SP_WEB_PAGING(@TABLENAMES='	cmb_t_batch a
 left join cmb_m_code mc1 ON mc1.type = 'BATCH_STATUS' AND mc1.cd = a.status_id
',@COLUMNS='	  A.batch_id
	, A.pay_cnt
	, A.ttl_amt
	, A.status_id
	, MC1.CD_NM AS status
	, A.maker_id
	, convert(varchar,A.maker_time,103) maker_time
	, A.appr1_id
	, convert(varchar,A.appr1_time,103) appr1_time
	, A.appr2_id
	, convert(varchar,A.appr2_time,103) appr2_time
	, A.rejc_id
	, convert(varchar,A.rejc_time,103) rejc_time
	, convert(varchar,A.update_time,121) update_time
',@ORDERCOLUMNNAME='a.batch_id desc',@WHERE=' 1 = 1 ',@PAGECURRENTINDEX='1',@PAGEEACHSIZE='10',@PAGECOUNT='0',@ITEMSCOUNT='0',)
@TABLENAMES:'	cmb_t_batch a
 left join cmb_m_code mc1 ON mc1.type = 'BATCH_STATUS' AND mc1.cd = a.status_id
'
@COLUMNS:'	  A.batch_id
	, A.pay_cnt
	, A.ttl_amt
	, A.status_id
	, MC1.CD_NM AS status
	, A.maker_id
	, convert(varchar,A.maker_time,103) maker_time
	, A.appr1_id
	, convert(varchar,A.appr1_time,103) appr1_time
	, A.appr2_id
	, convert(varchar,A.appr2_time,103) appr2_time
	, A.rejc_id
	, convert(varchar,A.rejc_time,103) rejc_time
	, convert(varchar,A.update_time,121) update_time
'
@ORDERCOLUMNNAME:'a.batch_id desc'
@WHERE:' 1 = 1 '
@PAGECURRENTINDEX:'1'
@PAGEEACHSIZE:'10'
@PAGECOUNT:'0'
@ITEMSCOUNT:'0'

2017-09-21 16:10:49,867 [21] DEBUG - 10行处理完成。
2017-09-21 16:10:49,867 [21] DEBUG - GetBatchList(CMBPayment.MainDataAccess) End
2017-09-21 16:10:49,867 [21] DEBUG - GetBatchList(CMBPayment.MainController) End
2017-09-21 16:10:49,875 [21] INFO  - 1560003访问了batch。
2017-09-21 16:10:52,469 [21] DEBUG - btnSearch_Click(CMBPayment.batch) Start
2017-09-21 16:10:52,469 [21] DEBUG - GetBatchList(CMBPayment.MainController) Start
2017-09-21 16:10:52,469 [21] DEBUG - GetBatchList(CMBPayment.MainDataAccess) Start
2017-09-21 16:10:52,470 [21] DEBUG - SP_WEB_PAGING(@TABLENAMES='	cmb_t_batch a
 left join cmb_m_code mc1 ON mc1.type = 'BATCH_STATUS' AND mc1.cd = a.status_id
',@COLUMNS='	  A.batch_id
	, A.pay_cnt
	, A.ttl_amt
	, A.status_id
	, MC1.CD_NM AS status
	, A.maker_id
	, convert(varchar,A.maker_time,103) maker_time
	, A.appr1_id
	, convert(varchar,A.appr1_time,103) appr1_time
	, A.appr2_id
	, convert(varchar,A.appr2_time,103) appr2_time
	, A.rejc_id
	, convert(varchar,A.rejc_time,103) rejc_time
	, convert(varchar,A.update_time,121) update_time
',@ORDERCOLUMNNAME='a.batch_id desc',@WHERE=' 1 = 1  AND A.status_id  = '05'',@PAGECURRENTINDEX='1',@PAGEEACHSIZE='10',@PAGECOUNT='0',@ITEMSCOUNT='0',)
@TABLENAMES:'	cmb_t_batch a
 left join cmb_m_code mc1 ON mc1.type = 'BATCH_STATUS' AND mc1.cd = a.status_id
'
@COLUMNS:'	  A.batch_id
	, A.pay_cnt
	, A.ttl_amt
	, A.status_id
	, MC1.CD_NM AS status
	, A.maker_id
	, convert(varchar,A.maker_time,103) maker_time
	, A.appr1_id
	, convert(varchar,A.appr1_time,103) appr1_time
	, A.appr2_id
	, convert(varchar,A.appr2_time,103) appr2_time
	, A.rejc_id
	, convert(varchar,A.rejc_time,103) rejc_time
	, convert(varchar,A.update_time,121) update_time
'
@ORDERCOLUMNNAME:'a.batch_id desc'
@WHERE:' 1 = 1  AND A.status_id  = '05''
@PAGECURRENTINDEX:'1'
@PAGEEACHSIZE:'10'
@PAGECOUNT:'0'
@ITEMSCOUNT:'0'

2017-09-21 16:10:52,474 [21] DEBUG - 0行处理完成。
2017-09-21 16:10:52,474 [21] DEBUG - GetBatchList(CMBPayment.MainDataAccess) End
2017-09-21 16:10:52,474 [21] DEBUG - GetBatchList(CMBPayment.MainController) End
[Footer]
[Header]
2017-09-21 16:11:11,647 [17] DEBUG - InitUserInfo(CMBPayment.CommonController) Start
2017-09-21 16:11:11,665 [17] DEBUG - GetUserBaseInfo(CMBPayment.CommonDataAccess) Start
2017-09-21 16:11:11,666 [17] DEBUG - SELECT 
                            U.USER_ID,  
                            U.ROLE_ID,
                            R.ROLE_NM,
                            U.cmb_account,
                            R.amount_limit
                       FROM 
                            CMB_M_USER U
                       LEFT JOIN CMB_M_ROLE R
                       ON U.ROLE_ID = R.ROLE_ID
                       WHERE 
                            UPPER(U.USER_ID) = UPPER('1560003')
@USER_ID:'1560003'

2017-09-21 16:11:11,670 [17] DEBUG - 1行处理完成。
2017-09-21 16:11:11,670 [17] DEBUG - GetUserBaseInfo(CMBPayment.CommonDataAccess) End
2017-09-21 16:11:11,671 [17] DEBUG - InitUserInfo(CMBPayment.CommonController) End
2017-09-21 16:11:11,771 [29] DEBUG - GetSystemControlInfo(CMBPayment.CommonController) Start
2017-09-21 16:11:11,772 [29] DEBUG - GetSystemConfigInfo(CMBPayment.CommonDataAccess) Start
2017-09-21 16:11:11,772 [29] DEBUG - SELECT CONF_KEY,CONF_VALUE FROM CMB_M_SYSCONF

2017-09-21 16:11:11,774 [29] DEBUG - 3行处理完成。
2017-09-21 16:11:11,775 [29] DEBUG - GetSystemConfigInfo(CMBPayment.CommonDataAccess) End
2017-09-21 16:11:11,775 [29] DEBUG - GetSystemControlInfo(CMBPayment.CommonController) End
2017-09-21 16:11:11,776 [29] DEBUG - GetBatchList(CMBPayment.MainController) Start
2017-09-21 16:11:11,776 [29] DEBUG - GetBatchList(CMBPayment.MainDataAccess) Start
2017-09-21 16:11:11,777 [29] DEBUG - SP_WEB_PAGING(@TABLENAMES='	cmb_t_batch a
 left join cmb_m_code mc1 ON mc1.type = 'BATCH_STATUS' AND mc1.cd = a.status_id
',@COLUMNS='	  A.batch_id
	, A.pay_cnt
	, A.ttl_amt
	, A.status_id
	, MC1.CD_NM AS status
	, A.maker_id
	, convert(varchar,A.maker_time,103) maker_time
	, A.appr1_id
	, convert(varchar,A.appr1_time,103) appr1_time
	, A.appr2_id
	, convert(varchar,A.appr2_time,103) appr2_time
	, A.rejc_id
	, convert(varchar,A.rejc_time,103) rejc_time
	, convert(varchar,A.update_time,121) update_time
',@ORDERCOLUMNNAME='a.batch_id desc',@WHERE=' 1 = 1 ',@PAGECURRENTINDEX='1',@PAGEEACHSIZE='10',@PAGECOUNT='0',@ITEMSCOUNT='0',)
@TABLENAMES:'	cmb_t_batch a
 left join cmb_m_code mc1 ON mc1.type = 'BATCH_STATUS' AND mc1.cd = a.status_id
'
@COLUMNS:'	  A.batch_id
	, A.pay_cnt
	, A.ttl_amt
	, A.status_id
	, MC1.CD_NM AS status
	, A.maker_id
	, convert(varchar,A.maker_time,103) maker_time
	, A.appr1_id
	, convert(varchar,A.appr1_time,103) appr1_time
	, A.appr2_id
	, convert(varchar,A.appr2_time,103) appr2_time
	, A.rejc_id
	, convert(varchar,A.rejc_time,103) rejc_time
	, convert(varchar,A.update_time,121) update_time
'
@ORDERCOLUMNNAME:'a.batch_id desc'
@WHERE:' 1 = 1 '
@PAGECURRENTINDEX:'1'
@PAGEEACHSIZE:'10'
@PAGECOUNT:'0'
@ITEMSCOUNT:'0'

2017-09-21 16:11:11,783 [29] DEBUG - 10行处理完成。
2017-09-21 16:11:11,783 [29] DEBUG - GetBatchList(CMBPayment.MainDataAccess) End
2017-09-21 16:11:11,783 [29] DEBUG - GetBatchList(CMBPayment.MainController) End
2017-09-21 16:11:19,453 [29] INFO  - 1560003访问了batch。
2017-09-21 16:11:23,474 [30] DEBUG - btnSearch_Click(CMBPayment.batch) Start
2017-09-21 16:11:26,038 [30] DEBUG - GetBatchList(CMBPayment.MainController) Start
2017-09-21 16:11:26,038 [30] DEBUG - GetBatchList(CMBPayment.MainDataAccess) Start
2017-09-21 16:11:26,038 [30] DEBUG - SP_WEB_PAGING(@TABLENAMES='	cmb_t_batch a
 left join cmb_m_code mc1 ON mc1.type = 'BATCH_STATUS' AND mc1.cd = a.status_id
',@COLUMNS='	  A.batch_id
	, A.pay_cnt
	, A.ttl_amt
	, A.status_id
	, MC1.CD_NM AS status
	, A.maker_id
	, convert(varchar,A.maker_time,103) maker_time
	, A.appr1_id
	, convert(varchar,A.appr1_time,103) appr1_time
	, A.appr2_id
	, convert(varchar,A.appr2_time,103) appr2_time
	, A.rejc_id
	, convert(varchar,A.rejc_time,103) rejc_time
	, convert(varchar,A.update_time,121) update_time
',@ORDERCOLUMNNAME='a.batch_id desc',@WHERE=' 1 = 1  AND A.status_id  = '05'',@PAGECURRENTINDEX='1',@PAGEEACHSIZE='10',@PAGECOUNT='0',@ITEMSCOUNT='0',)
@TABLENAMES:'	cmb_t_batch a
 left join cmb_m_code mc1 ON mc1.type = 'BATCH_STATUS' AND mc1.cd = a.status_id
'
@COLUMNS:'	  A.batch_id
	, A.pay_cnt
	, A.ttl_amt
	, A.status_id
	, MC1.CD_NM AS status
	, A.maker_id
	, convert(varchar,A.maker_time,103) maker_time
	, A.appr1_id
	, convert(varchar,A.appr1_time,103) appr1_time
	, A.appr2_id
	, convert(varchar,A.appr2_time,103) appr2_time
	, A.rejc_id
	, convert(varchar,A.rejc_time,103) rejc_time
	, convert(varchar,A.update_time,121) update_time
'
@ORDERCOLUMNNAME:'a.batch_id desc'
@WHERE:' 1 = 1  AND A.status_id  = '05''
@PAGECURRENTINDEX:'1'
@PAGEEACHSIZE:'10'
@PAGECOUNT:'0'
@ITEMSCOUNT:'0'

2017-09-21 16:11:26,044 [30] DEBUG - 0行处理完成。
2017-09-21 16:11:26,044 [30] DEBUG - GetBatchList(CMBPayment.MainDataAccess) End
2017-09-21 16:11:26,044 [30] DEBUG - GetBatchList(CMBPayment.MainController) End
[Footer]
[Header]
2017-09-21 17:19:21,297 [69] DEBUG - InitUserInfo(CMBPayment.CommonController) Start
2017-09-21 17:19:21,319 [69] DEBUG - GetUserBaseInfo(CMBPayment.CommonDataAccess) Start
2017-09-21 17:19:21,320 [69] DEBUG - SELECT 
                            U.USER_ID,  
                            U.ROLE_ID,
                            R.ROLE_NM,
                            U.cmb_account,
                            R.amount_limit
                       FROM 
                            CMB_M_USER U
                       LEFT JOIN CMB_M_ROLE R
                       ON U.ROLE_ID = R.ROLE_ID
                       WHERE 
                            UPPER(U.USER_ID) = UPPER('1560003')
@USER_ID:'1560003'

2017-09-21 17:19:21,324 [69] DEBUG - 1行处理完成。
2017-09-21 17:19:21,324 [69] DEBUG - GetUserBaseInfo(CMBPayment.CommonDataAccess) End
2017-09-21 17:19:21,325 [69] DEBUG - InitUserInfo(CMBPayment.CommonController) End
2017-09-21 17:19:21,410 [61] DEBUG - GetSystemControlInfo(CMBPayment.CommonController) Start
2017-09-21 17:19:21,410 [61] DEBUG - GetSystemConfigInfo(CMBPayment.CommonDataAccess) Start
2017-09-21 17:19:21,410 [61] DEBUG - SELECT CONF_KEY,CONF_VALUE FROM CMB_M_SYSCONF

2017-09-21 17:19:21,413 [61] DEBUG - 3行处理完成。
2017-09-21 17:19:21,413 [61] DEBUG - GetSystemConfigInfo(CMBPayment.CommonDataAccess) End
2017-09-21 17:19:21,413 [61] DEBUG - GetSystemControlInfo(CMBPayment.CommonController) End
2017-09-21 17:19:21,414 [61] DEBUG - GetBatchList(CMBPayment.MainController) Start
2017-09-21 17:19:21,414 [61] DEBUG - GetBatchList(CMBPayment.MainDataAccess) Start
2017-09-21 17:19:21,416 [61] DEBUG - SP_WEB_PAGING(@TABLENAMES='	cmb_t_batch a
 left join cmb_m_code mc1 ON mc1.type = 'BATCH_STATUS' AND mc1.cd = a.status_id
',@COLUMNS='	  A.batch_id
	, A.pay_cnt
	, A.ttl_amt
	, A.status_id
	, MC1.CD_NM AS status
	, A.maker_id
	, convert(varchar,A.maker_time,103) maker_time
	, A.appr1_id
	, convert(varchar,A.appr1_time,103) appr1_time
	, A.appr2_id
	, convert(varchar,A.appr2_time,103) appr2_time
	, A.rejc_id
	, convert(varchar,A.rejc_time,103) rejc_time
	, convert(varchar,A.update_time,121) update_time
',@ORDERCOLUMNNAME='a.batch_id desc',@WHERE=' 1 = 1 ',@PAGECURRENTINDEX='1',@PAGEEACHSIZE='10',@PAGECOUNT='0',@ITEMSCOUNT='0',)
@TABLENAMES:'	cmb_t_batch a
 left join cmb_m_code mc1 ON mc1.type = 'BATCH_STATUS' AND mc1.cd = a.status_id
'
@COLUMNS:'	  A.batch_id
	, A.pay_cnt
	, A.ttl_amt
	, A.status_id
	, MC1.CD_NM AS status
	, A.maker_id
	, convert(varchar,A.maker_time,103) maker_time
	, A.appr1_id
	, convert(varchar,A.appr1_time,103) appr1_time
	, A.appr2_id
	, convert(varchar,A.appr2_time,103) appr2_time
	, A.rejc_id
	, convert(varchar,A.rejc_time,103) rejc_time
	, convert(varchar,A.update_time,121) update_time
'
@ORDERCOLUMNNAME:'a.batch_id desc'
@WHERE:' 1 = 1 '
@PAGECURRENTINDEX:'1'
@PAGEEACHSIZE:'10'
@PAGECOUNT:'0'
@ITEMSCOUNT:'0'

2017-09-21 17:19:21,421 [61] DEBUG - 10行处理完成。
2017-09-21 17:19:21,421 [61] DEBUG - GetBatchList(CMBPayment.MainDataAccess) End
2017-09-21 17:19:21,421 [61] DEBUG - GetBatchList(CMBPayment.MainController) End
2017-09-21 17:19:27,335 [61] INFO  - 1560003访问了batch。
2017-09-21 17:19:32,476 [69] DEBUG - btnSearch_Click(CMBPayment.batch) Start
2017-09-21 17:19:33,016 [69] DEBUG - GetBatchList(CMBPayment.MainController) Start
2017-09-21 17:19:33,016 [69] DEBUG - GetBatchList(CMBPayment.MainDataAccess) Start
2017-09-21 17:19:33,017 [69] DEBUG - SP_WEB_PAGING(@TABLENAMES='	cmb_t_batch a
 left join cmb_m_code mc1 ON mc1.type = 'BATCH_STATUS' AND mc1.cd = a.status_id
',@COLUMNS='	  A.batch_id
	, A.pay_cnt
	, A.ttl_amt
	, A.status_id
	, MC1.CD_NM AS status
	, A.maker_id
	, convert(varchar,A.maker_time,103) maker_time
	, A.appr1_id
	, convert(varchar,A.appr1_time,103) appr1_time
	, A.appr2_id
	, convert(varchar,A.appr2_time,103) appr2_time
	, A.rejc_id
	, convert(varchar,A.rejc_time,103) rejc_time
	, convert(varchar,A.update_time,121) update_time
',@ORDERCOLUMNNAME='a.batch_id desc',@WHERE=' 1 = 1  AND A.status_id  = '05'',@PAGECURRENTINDEX='1',@PAGEEACHSIZE='10',@PAGECOUNT='0',@ITEMSCOUNT='0',)
@TABLENAMES:'	cmb_t_batch a
 left join cmb_m_code mc1 ON mc1.type = 'BATCH_STATUS' AND mc1.cd = a.status_id
'
@COLUMNS:'	  A.batch_id
	, A.pay_cnt
	, A.ttl_amt
	, A.status_id
	, MC1.CD_NM AS status
	, A.maker_id
	, convert(varchar,A.maker_time,103) maker_time
	, A.appr1_id
	, convert(varchar,A.appr1_time,103) appr1_time
	, A.appr2_id
	, convert(varchar,A.appr2_time,103) appr2_time
	, A.rejc_id
	, convert(varchar,A.rejc_time,103) rejc_time
	, convert(varchar,A.update_time,121) update_time
'
@ORDERCOLUMNNAME:'a.batch_id desc'
@WHERE:' 1 = 1  AND A.status_id  = '05''
@PAGECURRENTINDEX:'1'
@PAGEEACHSIZE:'10'
@PAGECOUNT:'0'
@ITEMSCOUNT:'0'

2017-09-21 17:19:33,022 [69] DEBUG - 0行处理完成。
2017-09-21 17:19:33,022 [69] DEBUG - GetBatchList(CMBPayment.MainDataAccess) End
2017-09-21 17:19:33,022 [69] DEBUG - GetBatchList(CMBPayment.MainController) End
2017-09-21 17:19:34,301 [69] INFO  - 1560003按下了查询。
2017-09-21 17:19:34,301 [69] DEBUG - btnSearch_Click(CMBPayment.batch) End
2017-09-21 17:20:22,716 [63] DEBUG - btnSearch_Click(CMBPayment.batch) Start
2017-09-21 17:20:26,952 [63] DEBUG - GetBatchList(CMBPayment.MainController) Start
2017-09-21 17:20:26,953 [63] DEBUG - GetBatchList(CMBPayment.MainDataAccess) Start
2017-09-21 17:20:26,953 [63] DEBUG - SP_WEB_PAGING(@TABLENAMES='	cmb_t_batch a
 left join cmb_m_code mc1 ON mc1.type = 'BATCH_STATUS' AND mc1.cd = a.status_id
',@COLUMNS='	  A.batch_id
	, A.pay_cnt
	, A.ttl_amt
	, A.status_id
	, MC1.CD_NM AS status
	, A.maker_id
	, convert(varchar,A.maker_time,103) maker_time
	, A.appr1_id
	, convert(varchar,A.appr1_time,103) appr1_time
	, A.appr2_id
	, convert(varchar,A.appr2_time,103) appr2_time
	, A.rejc_id
	, convert(varchar,A.rejc_time,103) rejc_time
	, convert(varchar,A.update_time,121) update_time
',@ORDERCOLUMNNAME='a.batch_id desc',@WHERE=' 1 = 1  AND A.status_id  = '04'',@PAGECURRENTINDEX='1',@PAGEEACHSIZE='10',@PAGECOUNT='0',@ITEMSCOUNT='0',)
@TABLENAMES:'	cmb_t_batch a
 left join cmb_m_code mc1 ON mc1.type = 'BATCH_STATUS' AND mc1.cd = a.status_id
'
@COLUMNS:'	  A.batch_id
	, A.pay_cnt
	, A.ttl_amt
	, A.status_id
	, MC1.CD_NM AS status
	, A.maker_id
	, convert(varchar,A.maker_time,103) maker_time
	, A.appr1_id
	, convert(varchar,A.appr1_time,103) appr1_time
	, A.appr2_id
	, convert(varchar,A.appr2_time,103) appr2_time
	, A.rejc_id
	, convert(varchar,A.rejc_time,103) rejc_time
	, convert(varchar,A.update_time,121) update_time
'
@ORDERCOLUMNNAME:'a.batch_id desc'
@WHERE:' 1 = 1  AND A.status_id  = '04''
@PAGECURRENTINDEX:'1'
@PAGEEACHSIZE:'10'
@PAGECOUNT:'0'
@ITEMSCOUNT:'0'

2017-09-21 17:20:26,959 [63] DEBUG - 0行处理完成。
2017-09-21 17:20:26,959 [63] DEBUG - GetBatchList(CMBPayment.MainDataAccess) End
2017-09-21 17:20:26,959 [63] DEBUG - GetBatchList(CMBPayment.MainController) End
2017-09-21 17:20:30,637 [63] INFO  - 1560003按下了查询。
2017-09-21 17:20:30,637 [63] DEBUG - btnSearch_Click(CMBPayment.batch) End
2017-09-21 17:20:37,823 [67] DEBUG - btnSearch_Click(CMBPayment.batch) Start
2017-09-21 17:20:37,823 [67] DEBUG - GetBatchList(CMBPayment.MainController) Start
2017-09-21 17:20:37,823 [67] DEBUG - GetBatchList(CMBPayment.MainDataAccess) Start
2017-09-21 17:20:37,823 [67] DEBUG - SP_WEB_PAGING(@TABLENAMES='	cmb_t_batch a
 left join cmb_m_code mc1 ON mc1.type = 'BATCH_STATUS' AND mc1.cd = a.status_id
',@COLUMNS='	  A.batch_id
	, A.pay_cnt
	, A.ttl_amt
	, A.status_id
	, MC1.CD_NM AS status
	, A.maker_id
	, convert(varchar,A.maker_time,103) maker_time
	, A.appr1_id
	, convert(varchar,A.appr1_time,103) appr1_time
	, A.appr2_id
	, convert(varchar,A.appr2_time,103) appr2_time
	, A.rejc_id
	, convert(varchar,A.rejc_time,103) rejc_time
	, convert(varchar,A.update_time,121) update_time
',@ORDERCOLUMNNAME='a.batch_id desc',@WHERE=' 1 = 1  AND A.status_id  = '01'',@PAGECURRENTINDEX='1',@PAGEEACHSIZE='10',@PAGECOUNT='0',@ITEMSCOUNT='0',)
@TABLENAMES:'	cmb_t_batch a
 left join cmb_m_code mc1 ON mc1.type = 'BATCH_STATUS' AND mc1.cd = a.status_id
'
@COLUMNS:'	  A.batch_id
	, A.pay_cnt
	, A.ttl_amt
	, A.status_id
	, MC1.CD_NM AS status
	, A.maker_id
	, convert(varchar,A.maker_time,103) maker_time
	, A.appr1_id
	, convert(varchar,A.appr1_time,103) appr1_time
	, A.appr2_id
	, convert(varchar,A.appr2_time,103) appr2_time
	, A.rejc_id
	, convert(varchar,A.rejc_time,103) rejc_time
	, convert(varchar,A.update_time,121) update_time
'
@ORDERCOLUMNNAME:'a.batch_id desc'
@WHERE:' 1 = 1  AND A.status_id  = '01''
@PAGECURRENTINDEX:'1'
@PAGEEACHSIZE:'10'
@PAGECOUNT:'0'
@ITEMSCOUNT:'0'

2017-09-21 17:20:37,831 [67] DEBUG - 3行处理完成。
2017-09-21 17:20:37,831 [67] DEBUG - GetBatchList(CMBPayment.MainDataAccess) End
2017-09-21 17:20:37,831 [67] DEBUG - GetBatchList(CMBPayment.MainController) End
2017-09-21 17:20:37,831 [67] INFO  - 1560003按下了查询。
2017-09-21 17:20:37,831 [67] DEBUG - btnSearch_Click(CMBPayment.batch) End
[Footer]
[Header]
2017-09-21 17:29:45,744 [67] DEBUG - InitUserInfo(CMBPayment.CommonController) Start
2017-09-21 17:29:45,763 [67] DEBUG - GetUserBaseInfo(CMBPayment.CommonDataAccess) Start
2017-09-21 17:29:45,764 [67] DEBUG - SELECT 
                            U.USER_ID,  
                            U.ROLE_ID,
                            R.ROLE_NM,
                            U.cmb_account,
                            R.amount_limit
                       FROM 
                            CMB_M_USER U
                       LEFT JOIN CMB_M_ROLE R
                       ON U.ROLE_ID = R.ROLE_ID
                       WHERE 
                            UPPER(U.USER_ID) = UPPER('1560003')
@USER_ID:'1560003'

2017-09-21 17:29:45,769 [67] DEBUG - 1行处理完成。
2017-09-21 17:29:45,769 [67] DEBUG - GetUserBaseInfo(CMBPayment.CommonDataAccess) End
2017-09-21 17:29:45,769 [67] DEBUG - InitUserInfo(CMBPayment.CommonController) End
2017-09-21 17:29:45,871 [65] DEBUG - GetSystemControlInfo(CMBPayment.CommonController) Start
2017-09-21 17:29:45,872 [65] DEBUG - GetSystemConfigInfo(CMBPayment.CommonDataAccess) Start
2017-09-21 17:29:45,872 [65] DEBUG - SELECT CONF_KEY,CONF_VALUE FROM CMB_M_SYSCONF

2017-09-21 17:29:45,876 [65] DEBUG - 3行处理完成。
2017-09-21 17:29:45,876 [65] DEBUG - GetSystemConfigInfo(CMBPayment.CommonDataAccess) End
2017-09-21 17:29:45,876 [65] DEBUG - GetSystemControlInfo(CMBPayment.CommonController) End
2017-09-21 17:29:45,877 [65] DEBUG - GetBatchList(CMBPayment.MainController) Start
2017-09-21 17:29:45,877 [65] DEBUG - GetBatchList(CMBPayment.MainDataAccess) Start
2017-09-21 17:29:45,879 [65] DEBUG - SP_WEB_PAGING(@TABLENAMES='	cmb_t_batch a
 left join cmb_m_code mc1 ON mc1.type = 'BATCH_STATUS' AND mc1.cd = a.status_id
',@COLUMNS='	  A.batch_id
	, A.pay_cnt
	, A.ttl_amt
	, A.status_id
	, MC1.CD_NM AS status
	, A.maker_id
	, convert(varchar,A.maker_time,103) maker_time
	, A.appr1_id
	, convert(varchar,A.appr1_time,103) appr1_time
	, A.appr2_id
	, convert(varchar,A.appr2_time,103) appr2_time
	, A.rejc_id
	, convert(varchar,A.rejc_time,103) rejc_time
	, convert(varchar,A.update_time,121) update_time
',@ORDERCOLUMNNAME='a.batch_id desc',@WHERE=' 1 = 1 ',@PAGECURRENTINDEX='1',@PAGEEACHSIZE='10',@PAGECOUNT='0',@ITEMSCOUNT='0',)
@TABLENAMES:'	cmb_t_batch a
 left join cmb_m_code mc1 ON mc1.type = 'BATCH_STATUS' AND mc1.cd = a.status_id
'
@COLUMNS:'	  A.batch_id
	, A.pay_cnt
	, A.ttl_amt
	, A.status_id
	, MC1.CD_NM AS status
	, A.maker_id
	, convert(varchar,A.maker_time,103) maker_time
	, A.appr1_id
	, convert(varchar,A.appr1_time,103) appr1_time
	, A.appr2_id
	, convert(varchar,A.appr2_time,103) appr2_time
	, A.rejc_id
	, convert(varchar,A.rejc_time,103) rejc_time
	, convert(varchar,A.update_time,121) update_time
'
@ORDERCOLUMNNAME:'a.batch_id desc'
@WHERE:' 1 = 1 '
@PAGECURRENTINDEX:'1'
@PAGEEACHSIZE:'10'
@PAGECOUNT:'0'
@ITEMSCOUNT:'0'

2017-09-21 17:29:45,885 [65] DEBUG - 10行处理完成。
2017-09-21 17:29:45,886 [65] DEBUG - GetBatchList(CMBPayment.MainDataAccess) End
2017-09-21 17:29:45,886 [65] DEBUG - GetBatchList(CMBPayment.MainController) End
2017-09-21 17:29:45,896 [65] INFO  - 1560003访问了batch。
[Footer]
