[Header]
2017-10-27 10:51:13,900 [153] DEBUG - InitUserInfo(CMBPayment.CommonController) Start
2017-10-27 10:51:14,012 [153] DEBUG - GetUserBaseInfo(CMBPayment.CommonDataAccess) Start
2017-10-27 10:51:14,013 [153] DEBUG - SELECT 
                            U.USER_ID,  
                            U.ROLE_ID,
                            R.ROLE_NM,
                            U.cmb_account,
                            R.amount_limit
                       FROM 
                            CMB_M_USER U
                       LEFT JOIN CMB_M_ROLE R
                       ON U.ROLE_ID = R.ROLE_ID
                       WHERE 
                            UPPER(U.USER_ID) = UPPER('1560002')
@USER_ID:'1560002'

2017-10-27 10:51:14,017 [153] DEBUG - 1行处理完成。
2017-10-27 10:51:14,017 [153] DEBUG - GetUserBaseInfo(CMBPayment.CommonDataAccess) End
2017-10-27 10:51:14,018 [153] DEBUG - InitUserInfo(CMBPayment.CommonController) End
2017-10-27 10:51:15,938 [157] DEBUG - GetSystemControlInfo(CMBPayment.CommonController) Start
2017-10-27 10:51:15,938 [157] DEBUG - GetSystemConfigInfo(CMBPayment.CommonDataAccess) Start
2017-10-27 10:51:15,938 [157] DEBUG - SELECT CONF_KEY,CONF_VALUE FROM CMB_M_SYSCONF

2017-10-27 10:51:15,939 [157] DEBUG - 3行处理完成。
2017-10-27 10:51:15,939 [157] DEBUG - GetSystemConfigInfo(CMBPayment.CommonDataAccess) End
2017-10-27 10:51:15,940 [157] DEBUG - GetSystemControlInfo(CMBPayment.CommonController) End
2017-10-27 10:51:15,941 [157] DEBUG - GetSucBatchList(CMBPayment.MainController) Start
2017-10-27 10:51:15,941 [157] DEBUG - GetSucBatchList(CMBPayment.MainDataAccess) Start
2017-10-27 10:51:15,943 [157] DEBUG - SP_WEB_PAGING(@TABLENAMES='	cmb_t_batch a
 left join cmb_m_code mc1 ON mc1.type = 'BATCH_STATUS' AND mc1.cd = a.status_id
',@COLUMNS='	  A.batch_id
	, A.pay_cnt
	, A.ttl_amt
	, A.status_id
	, MC1.CD_NM AS status
	, A.maker_id
	, convert(varchar,A.maker_time,103) maker_time
	, A.appr1_id
	, convert(varchar,A.appr1_time,103) appr1_time
	, A.appr2_id
	, convert(varchar,A.appr2_time,103) appr2_time
	, A.rejc_id
	, convert(varchar,A.rejc_time,103) rejc_time
	, convert(varchar,A.update_time,121) update_time
',@ORDERCOLUMNNAME='a.batch_id desc',@WHERE=' 1 = 1  AND A.status_id in ('01') ',@PAGECURRENTINDEX='1',@PAGEEACHSIZE='10',@PAGECOUNT='0',@ITEMSCOUNT='0',)
@TABLENAMES:'	cmb_t_batch a
 left join cmb_m_code mc1 ON mc1.type = 'BATCH_STATUS' AND mc1.cd = a.status_id
'
@COLUMNS:'	  A.batch_id
	, A.pay_cnt
	, A.ttl_amt
	, A.status_id
	, MC1.CD_NM AS status
	, A.maker_id
	, convert(varchar,A.maker_time,103) maker_time
	, A.appr1_id
	, convert(varchar,A.appr1_time,103) appr1_time
	, A.appr2_id
	, convert(varchar,A.appr2_time,103) appr2_time
	, A.rejc_id
	, convert(varchar,A.rejc_time,103) rejc_time
	, convert(varchar,A.update_time,121) update_time
'
@ORDERCOLUMNNAME:'a.batch_id desc'
@WHERE:' 1 = 1  AND A.status_id in ('01') '
@PAGECURRENTINDEX:'1'
@PAGEEACHSIZE:'10'
@PAGECOUNT:'0'
@ITEMSCOUNT:'0'

2017-10-27 10:51:15,953 [157] DEBUG - 1行处理完成。
2017-10-27 10:51:15,953 [157] DEBUG - GetSucBatchList(CMBPayment.MainDataAccess) End
2017-10-27 10:51:15,953 [157] DEBUG - GetSucBatchList(CMBPayment.MainController) End
2017-10-27 10:51:15,960 [157] DEBUG - GetFailBatchList(CMBPayment.MainController) Start
2017-10-27 10:51:15,961 [157] DEBUG - GetFailBatchList(CMBPayment.MainDataAccess) Start
2017-10-27 10:51:15,962 [157] DEBUG - SP_WEB_PAGING(@TABLENAMES='	cmb_t_batch a
 left join cmb_m_code mc1 ON mc1.type = 'BATCH_STATUS' AND mc1.cd = a.status_id
',@COLUMNS='	  A.batch_id
	, A.pay_cnt
	, A.ttl_amt
	, A.status_id
	, MC1.CD_NM AS status
	, A.maker_id
	, convert(varchar,A.maker_time,103) maker_time
	, A.appr1_id
	, convert(varchar,A.appr1_time,103) appr1_time
	, A.appr2_id
	, convert(varchar,A.appr2_time,103) appr2_time
	, A.rejc_id
	, convert(varchar,A.rejc_time,103) rejc_time
	, convert(varchar,A.update_time,121) update_time
',@ORDERCOLUMNNAME='a.batch_id desc',@WHERE=' 1 = 1  AND A.status_id in ('97','98','99') ',@PAGECURRENTINDEX='1',@PAGEEACHSIZE='10',@PAGECOUNT='0',@ITEMSCOUNT='0',)
@TABLENAMES:'	cmb_t_batch a
 left join cmb_m_code mc1 ON mc1.type = 'BATCH_STATUS' AND mc1.cd = a.status_id
'
@COLUMNS:'	  A.batch_id
	, A.pay_cnt
	, A.ttl_amt
	, A.status_id
	, MC1.CD_NM AS status
	, A.maker_id
	, convert(varchar,A.maker_time,103) maker_time
	, A.appr1_id
	, convert(varchar,A.appr1_time,103) appr1_time
	, A.appr2_id
	, convert(varchar,A.appr2_time,103) appr2_time
	, A.rejc_id
	, convert(varchar,A.rejc_time,103) rejc_time
	, convert(varchar,A.update_time,121) update_time
'
@ORDERCOLUMNNAME:'a.batch_id desc'
@WHERE:' 1 = 1  AND A.status_id in ('97','98','99') '
@PAGECURRENTINDEX:'1'
@PAGEEACHSIZE:'10'
@PAGECOUNT:'0'
@ITEMSCOUNT:'0'

2017-10-27 10:51:15,970 [157] DEBUG - 0行处理完成。
2017-10-27 10:51:15,970 [157] DEBUG - GetFailBatchList(CMBPayment.MainDataAccess) End
2017-10-27 10:51:15,970 [157] DEBUG - GetFailBatchList(CMBPayment.MainController) End
2017-10-27 10:53:35,485 [156] DEBUG - btnAutoUpload_Click(CMBPayment.maker) Start
2017-10-27 10:54:24,170 [156] DEBUG - GetBankName(CMBPayment.MainController) Start
2017-10-27 10:54:24,171 [156] DEBUG - GetBankName(CMBPayment.MainDataAccess) Start
2017-10-27 10:54:24,171 [156] DEBUG - 
                select bank_name 
                  ,case when charindex(N'行',bank_name) = 0 
	                then (case when charindex(N'社',bank_name) = 0 
			                   then substring(bank_name,1,charindex(N'库',bank_name)) 
		                  else substring(bank_name,1,charindex(N'社',bank_name)) end)
	                else substring(bank_name,1,charindex(N'行',bank_name)) 
                 end as bank, bank_prov, bank_city, cmb_flg
                from cmb_m_vendor where bank_no like '308290003020%'; 
@bank_no:'308290003020%'

2017-10-27 10:54:24,173 [156] DEBUG - 1行处理完成。
2017-10-27 10:54:24,173 [156] DEBUG - GetBankName(CMBPayment.MainDataAccess) End
2017-10-27 10:54:24,174 [156] DEBUG - GetBankName(CMBPayment.MainController) End
2017-10-27 10:55:01,860 [156] DEBUG - InsertBatchAndPaymentInfo(CMBPayment.MainController) Start
2017-10-27 10:55:01,861 [156] DEBUG - GetNewBatchId(CMBPayment.MainDataAccess) Start
2017-10-27 10:55:01,861 [156] DEBUG -  SELECT RIGHT('0000000000' + 
                CONVERT(NVARCHAR, ISNULL(MAX(CONVERT(INT, batch_id)), 0) + 1), 10) AS NEW_BATCH_ID
                FROM cmb_t_batch(UPDLOCK); 

2017-10-27 10:55:01,868 [156] DEBUG - 1行处理完成。
2017-10-27 10:55:01,868 [156] DEBUG - GetNewBatchId(CMBPayment.MainDataAccess) End
2017-10-27 10:55:01,870 [156] DEBUG - InsertPaymentInfo(CMBPayment.MainDataAccess) Start
2017-10-27 10:55:01,871 [156] DEBUG - 
                insert into cmb_t_payment
                    (YURREF 
	                ,batch_id 
	                ,status_id 
	                ,comment 
	                ,EPTDAT 
	                ,OPRDAT 
	                ,DBTACC 
	                ,DBTBBK 
	                ,TRSAMT 
	                ,CCYNBR 
	                ,NUSAGE 
	                ,BUSNAR 
	                ,CRTACC 
	                ,CRTNAM 
	                ,LRVEAN 
	                ,BRDNBR 
	                ,BNKFLG 
	                ,CRTBNK 
	                ,CRTADR 
	                ,NTFCH1 
	                ,update_id 
	                ,update_time 
                ) values (
                     '201710271054241752' 
	                ,'0000000005' 
	                ,'01' 
	                ,null 
	                ,'20170913' 
	                ,null 
	                ,'755915712310104' 
	                ,'75' 
	                ,'0.01' 
	                ,'10' 
	                ,'TEST0913' 
	                ,null 
	                ,'6225885910000066' 
	                ,'曾亮' 
	                ,null 
	                ,'308290003020' 
	                ,'Y' 
	                ,'招商银行上海分行营业部' 
	                ,'上海市上海市' 
	                ,'a@a.a' 
	                ,'1560002' 
	                ,getdate() 
                );
@YURREF:'201710271054241752'
@update_id:'1560002'
@TRSAMT:'0.01'
@status_id:'01'
@OPRDAT:null
@NUSAGE:'TEST0913'
@NTFCH1:'a@a.a'
@LRVEAN:null
@EPTDAT:'20170913'
@DBTBBK:'75'
@DBTACC:'755915712310104'
@CRTNAM:'曾亮'
@CRTBNK:'招商银行上海分行营业部'
@CRTADR:'上海市上海市'
@CRTACC:'6225885910000066'
@comment:null
@CCYNBR:'10'
@BUSNAR:null
@BRDNBR:'308290003020'
@BNKFLG:'Y'
@batch_id:'0000000005'

2017-10-27 10:55:01,895 [156] DEBUG - InsertPaymentInfo(CMBPayment.MainDataAccess) End
2017-10-27 10:55:01,896 [156] DEBUG - InsertBatchInfo(CMBPayment.MainDataAccess) Start
2017-10-27 10:55:01,896 [156] DEBUG - insert into cmb_t_batch
                   (batch_id,
	                pay_cnt,
	                ttl_amt,
	                status_id,
	                maker_id,
	                maker_time,
	                update_id,
	                update_time)
                values (
	                '0000000005',
	                '1',
	                '0.01',
	                '01',
	                '1560002',
	                getdate(),
	                '1560002',
	                getdate()
                );
@update_id:'1560002'
@ttl_amt:'0.01'
@status_id:'01'
@pay_cnt:'1'
@maker_id:'1560002'
@batch_id:'0000000005'

2017-10-27 10:55:01,904 [156] DEBUG - InsertBatchInfo(CMBPayment.MainDataAccess) End
2017-10-27 10:55:01,922 [156] DEBUG - InsertBatchAndPaymentInfo(CMBPayment.MainController) End
2017-10-27 10:55:06,947 [156] DEBUG - GetSucBatchList(CMBPayment.MainController) Start
2017-10-27 10:55:06,948 [156] DEBUG - GetSucBatchList(CMBPayment.MainDataAccess) Start
2017-10-27 10:55:06,948 [156] DEBUG - SP_WEB_PAGING(@TABLENAMES='	cmb_t_batch a
 left join cmb_m_code mc1 ON mc1.type = 'BATCH_STATUS' AND mc1.cd = a.status_id
',@COLUMNS='	  A.batch_id
	, A.pay_cnt
	, A.ttl_amt
	, A.status_id
	, MC1.CD_NM AS status
	, A.maker_id
	, convert(varchar,A.maker_time,103) maker_time
	, A.appr1_id
	, convert(varchar,A.appr1_time,103) appr1_time
	, A.appr2_id
	, convert(varchar,A.appr2_time,103) appr2_time
	, A.rejc_id
	, convert(varchar,A.rejc_time,103) rejc_time
	, convert(varchar,A.update_time,121) update_time
',@ORDERCOLUMNNAME='a.batch_id desc',@WHERE=' 1 = 1  AND A.status_id in ('01') ',@PAGECURRENTINDEX='1',@PAGEEACHSIZE='10',@PAGECOUNT='0',@ITEMSCOUNT='0',)
@TABLENAMES:'	cmb_t_batch a
 left join cmb_m_code mc1 ON mc1.type = 'BATCH_STATUS' AND mc1.cd = a.status_id
'
@COLUMNS:'	  A.batch_id
	, A.pay_cnt
	, A.ttl_amt
	, A.status_id
	, MC1.CD_NM AS status
	, A.maker_id
	, convert(varchar,A.maker_time,103) maker_time
	, A.appr1_id
	, convert(varchar,A.appr1_time,103) appr1_time
	, A.appr2_id
	, convert(varchar,A.appr2_time,103) appr2_time
	, A.rejc_id
	, convert(varchar,A.rejc_time,103) rejc_time
	, convert(varchar,A.update_time,121) update_time
'
@ORDERCOLUMNNAME:'a.batch_id desc'
@WHERE:' 1 = 1  AND A.status_id in ('01') '
@PAGECURRENTINDEX:'1'
@PAGEEACHSIZE:'10'
@PAGECOUNT:'0'
@ITEMSCOUNT:'0'

2017-10-27 10:55:06,958 [156] DEBUG - 2行处理完成。
2017-10-27 10:55:06,958 [156] DEBUG - GetSucBatchList(CMBPayment.MainDataAccess) End
2017-10-27 10:55:06,958 [156] DEBUG - GetSucBatchList(CMBPayment.MainController) End
2017-10-27 10:55:06,959 [156] DEBUG - GetFailBatchList(CMBPayment.MainController) Start
2017-10-27 10:55:06,959 [156] DEBUG - GetFailBatchList(CMBPayment.MainDataAccess) Start
2017-10-27 10:55:06,959 [156] DEBUG - SP_WEB_PAGING(@TABLENAMES='	cmb_t_batch a
 left join cmb_m_code mc1 ON mc1.type = 'BATCH_STATUS' AND mc1.cd = a.status_id
',@COLUMNS='	  A.batch_id
	, A.pay_cnt
	, A.ttl_amt
	, A.status_id
	, MC1.CD_NM AS status
	, A.maker_id
	, convert(varchar,A.maker_time,103) maker_time
	, A.appr1_id
	, convert(varchar,A.appr1_time,103) appr1_time
	, A.appr2_id
	, convert(varchar,A.appr2_time,103) appr2_time
	, A.rejc_id
	, convert(varchar,A.rejc_time,103) rejc_time
	, convert(varchar,A.update_time,121) update_time
',@ORDERCOLUMNNAME='a.batch_id desc',@WHERE=' 1 = 1  AND A.status_id in ('97','98','99') ',@PAGECURRENTINDEX='1',@PAGEEACHSIZE='10',@PAGECOUNT='0',@ITEMSCOUNT='0',)
@TABLENAMES:'	cmb_t_batch a
 left join cmb_m_code mc1 ON mc1.type = 'BATCH_STATUS' AND mc1.cd = a.status_id
'
@COLUMNS:'	  A.batch_id
	, A.pay_cnt
	, A.ttl_amt
	, A.status_id
	, MC1.CD_NM AS status
	, A.maker_id
	, convert(varchar,A.maker_time,103) maker_time
	, A.appr1_id
	, convert(varchar,A.appr1_time,103) appr1_time
	, A.appr2_id
	, convert(varchar,A.appr2_time,103) appr2_time
	, A.rejc_id
	, convert(varchar,A.rejc_time,103) rejc_time
	, convert(varchar,A.update_time,121) update_time
'
@ORDERCOLUMNNAME:'a.batch_id desc'
@WHERE:' 1 = 1  AND A.status_id in ('97','98','99') '
@PAGECURRENTINDEX:'1'
@PAGEEACHSIZE:'10'
@PAGECOUNT:'0'
@ITEMSCOUNT:'0'

2017-10-27 10:55:06,964 [156] DEBUG - 0行处理完成。
2017-10-27 10:55:06,964 [156] DEBUG - GetFailBatchList(CMBPayment.MainDataAccess) End
2017-10-27 10:55:06,964 [156] DEBUG - GetFailBatchList(CMBPayment.MainController) End
2017-10-27 10:55:20,072 [156] DEBUG - btnAutoUpload_Click(CMBPayment.maker) End
2017-10-27 10:55:44,493 [156] DEBUG - GetBatchInfo(CMBPayment.MainController) Start
2017-10-27 10:55:44,495 [156] DEBUG - GetBatchInfo(CMBPayment.MainDataAccess) Start
2017-10-27 10:55:44,495 [156] DEBUG -  select A.batch_id
	, A.pay_cnt
	, A.ttl_amt
	, A.status_id
	, MC1.CD_NM AS status
	, A.maker_id
	, convert(varchar,A.maker_time,103) maker_time
	, A.appr1_id
	, convert(varchar,A.appr1_time,103) appr1_time
	, A.appr2_id
	, convert(varchar,A.appr2_time,103) appr2_time
	, A.rejc_id
	, convert(varchar,A.rejc_time,103) rejc_time
	, convert(varchar,A.update_time,121) update_time
 from cmb_t_batch a
 left join cmb_m_code mc1 ON mc1.type = 'BATCH_STATUS' AND mc1.cd = a.status_id
 where a.batch_id = '0000000005'; 

@batch_id:'0000000005'

2017-10-27 10:55:44,499 [156] DEBUG - 1行处理完成。
2017-10-27 10:55:44,499 [156] DEBUG - GetBatchInfo(CMBPayment.MainDataAccess) End
2017-10-27 10:55:44,499 [156] DEBUG - GetBatchInfo(CMBPayment.MainController) End
2017-10-27 10:55:44,499 [156] DEBUG - GetPaymentList(CMBPayment.MainController) Start
2017-10-27 10:55:44,500 [156] DEBUG - GetPaymentList(CMBPayment.MainDataAccess) Start
2017-10-27 10:55:44,500 [156] DEBUG - SP_WEB_PAGING(@TABLENAMES='	cmb_t_payment a
 left join cmb_m_code mc1 ON mc1.type = 'PAY_STATUS' AND mc1.cd = a.status_id
',@COLUMNS='	  A.batch_id
	, A.YURREF
	, A.status_id
	, A.comment
	, A.EPTDAT
	, A.OPRDAT
	, A.DBTACC
	, A.DBTBBK
	, A.TRSAMT
	, A.CCYNBR
	, A.NUSAGE
	, A.BUSNAR
	, A.CRTACC
	, A.CRTNAM
	, A.LRVEAN
	, A.BRDNBR
	, A.BNKFLG
	, A.CRTBNK
	, A.CTYCOD
	, A.CRTADR
	, A.NTFCH1
	, A.update_id
	, convert(varchar,A.update_time,121) update_time
	, mc1.cd_nm as status
',@ORDERCOLUMNNAME='a.YURREF desc',@WHERE=' 1 = 1 and a.del_flg = '0'  AND A.batch_id  = '0000000005'',@PAGECURRENTINDEX='1',@PAGEEACHSIZE='10',@PAGECOUNT='0',@ITEMSCOUNT='0',)
@TABLENAMES:'	cmb_t_payment a
 left join cmb_m_code mc1 ON mc1.type = 'PAY_STATUS' AND mc1.cd = a.status_id
'
@COLUMNS:'	  A.batch_id
	, A.YURREF
	, A.status_id
	, A.comment
	, A.EPTDAT
	, A.OPRDAT
	, A.DBTACC
	, A.DBTBBK
	, A.TRSAMT
	, A.CCYNBR
	, A.NUSAGE
	, A.BUSNAR
	, A.CRTACC
	, A.CRTNAM
	, A.LRVEAN
	, A.BRDNBR
	, A.BNKFLG
	, A.CRTBNK
	, A.CTYCOD
	, A.CRTADR
	, A.NTFCH1
	, A.update_id
	, convert(varchar,A.update_time,121) update_time
	, mc1.cd_nm as status
'
@ORDERCOLUMNNAME:'a.YURREF desc'
@WHERE:' 1 = 1 and a.del_flg = '0'  AND A.batch_id  = '0000000005''
@PAGECURRENTINDEX:'1'
@PAGEEACHSIZE:'10'
@PAGECOUNT:'0'
@ITEMSCOUNT:'0'

2017-10-27 10:55:44,615 [156] DEBUG - 1行处理完成。
2017-10-27 10:55:44,615 [156] DEBUG - GetPaymentList(CMBPayment.MainDataAccess) End
2017-10-27 10:55:44,615 [156] DEBUG - GetPaymentList(CMBPayment.MainController) End
2017-10-27 10:55:56,058 [155] INFO  - 1560002 log out.
2017-10-27 10:56:00,931 [155] DEBUG - InitUserInfo(CMBPayment.CommonController) Start
2017-10-27 10:56:00,931 [155] DEBUG - GetUserBaseInfo(CMBPayment.CommonDataAccess) Start
2017-10-27 10:56:00,932 [155] DEBUG - SELECT 
                            U.USER_ID,  
                            U.ROLE_ID,
                            R.ROLE_NM,
                            U.cmb_account,
                            R.amount_limit
                       FROM 
                            CMB_M_USER U
                       LEFT JOIN CMB_M_ROLE R
                       ON U.ROLE_ID = R.ROLE_ID
                       WHERE 
                            UPPER(U.USER_ID) = UPPER('1560003')
@USER_ID:'1560003'

2017-10-27 10:56:00,936 [155] DEBUG - 1行处理完成。
2017-10-27 10:56:00,937 [155] DEBUG - GetUserBaseInfo(CMBPayment.CommonDataAccess) End
2017-10-27 10:56:00,937 [155] DEBUG - InitUserInfo(CMBPayment.CommonController) End
2017-10-27 10:56:01,091 [156] DEBUG - GetBatchList(CMBPayment.MainController) Start
2017-10-27 10:56:01,092 [156] DEBUG - GetBatchList(CMBPayment.MainDataAccess) Start
2017-10-27 10:56:01,093 [156] DEBUG - SP_WEB_PAGING(@TABLENAMES='	cmb_t_batch a
 left join cmb_m_code mc1 ON mc1.type = 'BATCH_STATUS' AND mc1.cd = a.status_id
',@COLUMNS='	  A.batch_id
	, A.pay_cnt
	, A.ttl_amt
	, A.status_id
	, MC1.CD_NM AS status
	, A.maker_id
	, convert(varchar,A.maker_time,103) maker_time
	, A.appr1_id
	, convert(varchar,A.appr1_time,103) appr1_time
	, A.appr2_id
	, convert(varchar,A.appr2_time,103) appr2_time
	, A.rejc_id
	, convert(varchar,A.rejc_time,103) rejc_time
	, convert(varchar,A.update_time,121) update_time
',@ORDERCOLUMNNAME='a.batch_id desc',@WHERE=' 1 = 1 ',@PAGECURRENTINDEX='1',@PAGEEACHSIZE='10',@PAGECOUNT='0',@ITEMSCOUNT='0',)
@TABLENAMES:'	cmb_t_batch a
 left join cmb_m_code mc1 ON mc1.type = 'BATCH_STATUS' AND mc1.cd = a.status_id
'
@COLUMNS:'	  A.batch_id
	, A.pay_cnt
	, A.ttl_amt
	, A.status_id
	, MC1.CD_NM AS status
	, A.maker_id
	, convert(varchar,A.maker_time,103) maker_time
	, A.appr1_id
	, convert(varchar,A.appr1_time,103) appr1_time
	, A.appr2_id
	, convert(varchar,A.appr2_time,103) appr2_time
	, A.rejc_id
	, convert(varchar,A.rejc_time,103) rejc_time
	, convert(varchar,A.update_time,121) update_time
'
@ORDERCOLUMNNAME:'a.batch_id desc'
@WHERE:' 1 = 1 '
@PAGECURRENTINDEX:'1'
@PAGEEACHSIZE:'10'
@PAGECOUNT:'0'
@ITEMSCOUNT:'0'

2017-10-27 10:56:01,118 [156] DEBUG - 5行处理完成。
2017-10-27 10:56:01,118 [156] DEBUG - GetBatchList(CMBPayment.MainDataAccess) End
2017-10-27 10:56:01,118 [156] DEBUG - GetBatchList(CMBPayment.MainController) End
2017-10-27 10:56:04,407 [157] DEBUG - UpdateBatchInfo(CMBPayment.MainController) Start
2017-10-27 10:56:04,409 [157] DEBUG - UpdateBatchInfo(CMBPayment.MainDataAccess) Start
2017-10-27 10:56:04,498 [157] DEBUG - UpdateBatchInfo(CMBPayment.MainDataAccess) End
2017-10-27 10:56:04,498 [157] DEBUG - UpdateBatchInfo(CMBPayment.MainController) End
2017-10-27 10:56:04,498 [157] DEBUG - GetBatchList(CMBPayment.MainController) Start
2017-10-27 10:56:04,498 [157] DEBUG - GetBatchList(CMBPayment.MainDataAccess) Start
2017-10-27 10:56:04,498 [157] DEBUG - SP_WEB_PAGING(@TABLENAMES='	cmb_t_batch a
 left join cmb_m_code mc1 ON mc1.type = 'BATCH_STATUS' AND mc1.cd = a.status_id
',@COLUMNS='	  A.batch_id
	, A.pay_cnt
	, A.ttl_amt
	, A.status_id
	, MC1.CD_NM AS status
	, A.maker_id
	, convert(varchar,A.maker_time,103) maker_time
	, A.appr1_id
	, convert(varchar,A.appr1_time,103) appr1_time
	, A.appr2_id
	, convert(varchar,A.appr2_time,103) appr2_time
	, A.rejc_id
	, convert(varchar,A.rejc_time,103) rejc_time
	, convert(varchar,A.update_time,121) update_time
',@ORDERCOLUMNNAME='a.batch_id desc',@WHERE=' 1 = 1 ',@PAGECURRENTINDEX='1',@PAGEEACHSIZE='10',@PAGECOUNT='0',@ITEMSCOUNT='0',)
@TABLENAMES:'	cmb_t_batch a
 left join cmb_m_code mc1 ON mc1.type = 'BATCH_STATUS' AND mc1.cd = a.status_id
'
@COLUMNS:'	  A.batch_id
	, A.pay_cnt
	, A.ttl_amt
	, A.status_id
	, MC1.CD_NM AS status
	, A.maker_id
	, convert(varchar,A.maker_time,103) maker_time
	, A.appr1_id
	, convert(varchar,A.appr1_time,103) appr1_time
	, A.appr2_id
	, convert(varchar,A.appr2_time,103) appr2_time
	, A.rejc_id
	, convert(varchar,A.rejc_time,103) rejc_time
	, convert(varchar,A.update_time,121) update_time
'
@ORDERCOLUMNNAME:'a.batch_id desc'
@WHERE:' 1 = 1 '
@PAGECURRENTINDEX:'1'
@PAGEEACHSIZE:'10'
@PAGECOUNT:'0'
@ITEMSCOUNT:'0'

2017-10-27 10:56:04,506 [157] DEBUG - 5行处理完成。
2017-10-27 10:56:04,507 [157] DEBUG - GetBatchList(CMBPayment.MainDataAccess) End
2017-10-27 10:56:04,507 [157] DEBUG - GetBatchList(CMBPayment.MainController) End
2017-10-27 10:56:08,880 [155] INFO  - 1560003 log out.
2017-10-27 10:56:13,383 [155] DEBUG - InitUserInfo(CMBPayment.CommonController) Start
2017-10-27 10:56:13,383 [155] DEBUG - GetUserBaseInfo(CMBPayment.CommonDataAccess) Start
2017-10-27 10:56:13,383 [155] DEBUG - SELECT 
                            U.USER_ID,  
                            U.ROLE_ID,
                            R.ROLE_NM,
                            U.cmb_account,
                            R.amount_limit
                       FROM 
                            CMB_M_USER U
                       LEFT JOIN CMB_M_ROLE R
                       ON U.ROLE_ID = R.ROLE_ID
                       WHERE 
                            UPPER(U.USER_ID) = UPPER('1560004')
@USER_ID:'1560004'

2017-10-27 10:56:13,386 [155] DEBUG - 1行处理完成。
2017-10-27 10:56:13,386 [155] DEBUG - GetUserBaseInfo(CMBPayment.CommonDataAccess) End
2017-10-27 10:56:13,386 [155] DEBUG - InitUserInfo(CMBPayment.CommonController) End
2017-10-27 10:56:13,442 [156] DEBUG - GetBatchList(CMBPayment.MainController) Start
2017-10-27 10:56:13,442 [156] DEBUG - GetBatchList(CMBPayment.MainDataAccess) Start
2017-10-27 10:56:13,442 [156] DEBUG - SP_WEB_PAGING(@TABLENAMES='	cmb_t_batch a
 left join cmb_m_code mc1 ON mc1.type = 'BATCH_STATUS' AND mc1.cd = a.status_id
',@COLUMNS='	  A.batch_id
	, A.pay_cnt
	, A.ttl_amt
	, A.status_id
	, MC1.CD_NM AS status
	, A.maker_id
	, convert(varchar,A.maker_time,103) maker_time
	, A.appr1_id
	, convert(varchar,A.appr1_time,103) appr1_time
	, A.appr2_id
	, convert(varchar,A.appr2_time,103) appr2_time
	, A.rejc_id
	, convert(varchar,A.rejc_time,103) rejc_time
	, convert(varchar,A.update_time,121) update_time
',@ORDERCOLUMNNAME='a.batch_id desc',@WHERE=' 1 = 1 ',@PAGECURRENTINDEX='1',@PAGEEACHSIZE='10',@PAGECOUNT='0',@ITEMSCOUNT='0',)
@TABLENAMES:'	cmb_t_batch a
 left join cmb_m_code mc1 ON mc1.type = 'BATCH_STATUS' AND mc1.cd = a.status_id
'
@COLUMNS:'	  A.batch_id
	, A.pay_cnt
	, A.ttl_amt
	, A.status_id
	, MC1.CD_NM AS status
	, A.maker_id
	, convert(varchar,A.maker_time,103) maker_time
	, A.appr1_id
	, convert(varchar,A.appr1_time,103) appr1_time
	, A.appr2_id
	, convert(varchar,A.appr2_time,103) appr2_time
	, A.rejc_id
	, convert(varchar,A.rejc_time,103) rejc_time
	, convert(varchar,A.update_time,121) update_time
'
@ORDERCOLUMNNAME:'a.batch_id desc'
@WHERE:' 1 = 1 '
@PAGECURRENTINDEX:'1'
@PAGEEACHSIZE:'10'
@PAGECOUNT:'0'
@ITEMSCOUNT:'0'

2017-10-27 10:56:13,448 [156] DEBUG - 5行处理完成。
2017-10-27 10:56:13,448 [156] DEBUG - GetBatchList(CMBPayment.MainDataAccess) End
2017-10-27 10:56:13,448 [156] DEBUG - GetBatchList(CMBPayment.MainController) End
2017-10-27 10:56:15,091 [157] DEBUG - UpdateBatchInfo(CMBPayment.MainController) Start
2017-10-27 10:56:15,091 [157] DEBUG - UpdateBatchInfo(CMBPayment.MainDataAccess) Start
2017-10-27 10:56:15,095 [157] DEBUG - UpdateBatchInfo(CMBPayment.MainDataAccess) End
2017-10-27 10:56:15,095 [157] DEBUG - UpdateBatchInfo(CMBPayment.MainController) End
2017-10-27 10:56:15,095 [157] DEBUG - GetBatchList(CMBPayment.MainController) Start
2017-10-27 10:56:15,095 [157] DEBUG - GetBatchList(CMBPayment.MainDataAccess) Start
2017-10-27 10:56:15,095 [157] DEBUG - SP_WEB_PAGING(@TABLENAMES='	cmb_t_batch a
 left join cmb_m_code mc1 ON mc1.type = 'BATCH_STATUS' AND mc1.cd = a.status_id
',@COLUMNS='	  A.batch_id
	, A.pay_cnt
	, A.ttl_amt
	, A.status_id
	, MC1.CD_NM AS status
	, A.maker_id
	, convert(varchar,A.maker_time,103) maker_time
	, A.appr1_id
	, convert(varchar,A.appr1_time,103) appr1_time
	, A.appr2_id
	, convert(varchar,A.appr2_time,103) appr2_time
	, A.rejc_id
	, convert(varchar,A.rejc_time,103) rejc_time
	, convert(varchar,A.update_time,121) update_time
',@ORDERCOLUMNNAME='a.batch_id desc',@WHERE=' 1 = 1 ',@PAGECURRENTINDEX='1',@PAGEEACHSIZE='10',@PAGECOUNT='0',@ITEMSCOUNT='0',)
@TABLENAMES:'	cmb_t_batch a
 left join cmb_m_code mc1 ON mc1.type = 'BATCH_STATUS' AND mc1.cd = a.status_id
'
@COLUMNS:'	  A.batch_id
	, A.pay_cnt
	, A.ttl_amt
	, A.status_id
	, MC1.CD_NM AS status
	, A.maker_id
	, convert(varchar,A.maker_time,103) maker_time
	, A.appr1_id
	, convert(varchar,A.appr1_time,103) appr1_time
	, A.appr2_id
	, convert(varchar,A.appr2_time,103) appr2_time
	, A.rejc_id
	, convert(varchar,A.rejc_time,103) rejc_time
	, convert(varchar,A.update_time,121) update_time
'
@ORDERCOLUMNNAME:'a.batch_id desc'
@WHERE:' 1 = 1 '
@PAGECURRENTINDEX:'1'
@PAGEEACHSIZE:'10'
@PAGECOUNT:'0'
@ITEMSCOUNT:'0'

2017-10-27 10:56:15,096 [157] DEBUG - 5行处理完成。
2017-10-27 10:56:15,096 [157] DEBUG - GetBatchList(CMBPayment.MainDataAccess) End
2017-10-27 10:56:15,096 [157] DEBUG - GetBatchList(CMBPayment.MainController) End
2017-10-27 10:56:23,601 [157] DEBUG - btnSearch_Click(CMBPayment.batch) Start
2017-10-27 10:56:23,601 [157] DEBUG - GetBatchList(CMBPayment.MainController) Start
2017-10-27 10:56:23,601 [157] DEBUG - GetBatchList(CMBPayment.MainDataAccess) Start
2017-10-27 10:56:23,601 [157] DEBUG - SP_WEB_PAGING(@TABLENAMES='	cmb_t_batch a
 left join cmb_m_code mc1 ON mc1.type = 'BATCH_STATUS' AND mc1.cd = a.status_id
',@COLUMNS='	  A.batch_id
	, A.pay_cnt
	, A.ttl_amt
	, A.status_id
	, MC1.CD_NM AS status
	, A.maker_id
	, convert(varchar,A.maker_time,103) maker_time
	, A.appr1_id
	, convert(varchar,A.appr1_time,103) appr1_time
	, A.appr2_id
	, convert(varchar,A.appr2_time,103) appr2_time
	, A.rejc_id
	, convert(varchar,A.rejc_time,103) rejc_time
	, convert(varchar,A.update_time,121) update_time
',@ORDERCOLUMNNAME='a.batch_id desc',@WHERE=' 1 = 1 ',@PAGECURRENTINDEX='1',@PAGEEACHSIZE='10',@PAGECOUNT='0',@ITEMSCOUNT='0',)
@TABLENAMES:'	cmb_t_batch a
 left join cmb_m_code mc1 ON mc1.type = 'BATCH_STATUS' AND mc1.cd = a.status_id
'
@COLUMNS:'	  A.batch_id
	, A.pay_cnt
	, A.ttl_amt
	, A.status_id
	, MC1.CD_NM AS status
	, A.maker_id
	, convert(varchar,A.maker_time,103) maker_time
	, A.appr1_id
	, convert(varchar,A.appr1_time,103) appr1_time
	, A.appr2_id
	, convert(varchar,A.appr2_time,103) appr2_time
	, A.rejc_id
	, convert(varchar,A.rejc_time,103) rejc_time
	, convert(varchar,A.update_time,121) update_time
'
@ORDERCOLUMNNAME:'a.batch_id desc'
@WHERE:' 1 = 1 '
@PAGECURRENTINDEX:'1'
@PAGEEACHSIZE:'10'
@PAGECOUNT:'0'
@ITEMSCOUNT:'0'

2017-10-27 10:56:23,602 [157] DEBUG - 5行处理完成。
2017-10-27 10:56:23,603 [157] DEBUG - GetBatchList(CMBPayment.MainDataAccess) End
2017-10-27 10:56:23,603 [157] DEBUG - GetBatchList(CMBPayment.MainController) End
2017-10-27 10:56:23,604 [157] DEBUG - btnSearch_Click(CMBPayment.batch) End
2017-10-27 10:56:26,596 [155] DEBUG - GetPaymentsByBatchId(CMBPayment.MainController) Start
2017-10-27 10:56:26,597 [155] DEBUG - GetPaymentsByBatchId(CMBPayment.MainDataAccess) Start
2017-10-27 10:56:26,597 [155] DEBUG - 	select A.batch_id
	, A.YURREF
	, A.status_id
	, A.comment
	, A.EPTDAT
	, A.OPRDAT
	, A.DBTACC
	, A.DBTBBK
	, A.TRSAMT
	, A.CCYNBR
	, A.NUSAGE
	, A.BUSNAR
	, A.CRTACC
	, A.CRTNAM
	, A.LRVEAN
	, A.BRDNBR
	, A.BNKFLG
	, A.CRTBNK
	, A.CRTADR
	, A.NTFCH1
 from cmb_t_payment a
 where A.batch_id  = '0000000005' and a.del_flg = '0' 

@batch_id:'0000000005'

2017-10-27 10:56:26,604 [155] DEBUG - 1行处理完成。
2017-10-27 10:56:26,604 [155] DEBUG - GetPaymentsByBatchId(CMBPayment.MainDataAccess) End
2017-10-27 10:56:26,604 [155] DEBUG - GetPaymentsByBatchId(CMBPayment.MainController) End
2017-10-27 10:56:29,518 [155] INFO  - 支付已被银行受理（支付状态：NTE）
2017-10-27 10:56:30,305 [155] DEBUG - InsertXmlLog(CMBPayment.MainController) Start
2017-10-27 10:56:30,307 [155] DEBUG - InsertXmlLog(CMBPayment.MainDataAccess) Start
2017-10-27 10:56:30,307 [155] DEBUG - insert into cmb_t_swift_log
                   (swift_type,
	                content,
	                ins_id,
	                ins_time)
                values (
	                'DCPAYMNT_REQUEST',
	                '<?xml version="1.0" encoding="gb2312"?>
<CMBSDKPGK>
  <INFO>
    <FUNNAM>DCPAYMNT</FUNNAM>
    <DATTYP>2</DATTYP>
    <LGNNAM>银企直连测试用户110</LGNNAM>
  </INFO>
  <SDKPAYRQX>
    <BUSCOD>N02031</BUSCOD>
  </SDKPAYRQX>
  <DCOPDPAYX>
    <YURREF>201710271054241752</YURREF>
    <EPTDAT>20171027</EPTDAT>
    <DBTACC>755915712310104</DBTACC>
    <DBTBBK>75</DBTBBK>
    <TRSAMT>0.01</TRSAMT>
    <CCYNBR>10</CCYNBR>
    <STLCHN>N</STLCHN>
    <NUSAGE>TEST0913</NUSAGE>
    <BUSNAR>
    </BUSNAR>
    <CRTACC>6225885910000066</CRTACC>
    <CRTNAM>曾亮</CRTNAM>
    <LRVEAN>
    </LRVEAN>
    <BRDNBR>308290003020</BRDNBR>
    <BNKFLG>Y</BNKFLG>
    <CRTBNK>招商银行上海分行营业部</CRTBNK>
    <CRTADR>上海市上海市</CRTADR>
    <NTFCH1>a@a.a</NTFCH1>
    <RCVCHK>1</RCVCHK>
  </DCOPDPAYX>
</CMBSDKPGK>',
	                '1560004',
	                getdate()
                );
@swift_type:'DCPAYMNT_REQUEST'
@ins_id:'1560004'
@content:'<?xml version="1.0" encoding="gb2312"?>
<CMBSDKPGK>
  <INFO>
    <FUNNAM>DCPAYMNT</FUNNAM>
    <DATTYP>2</DATTYP>
    <LGNNAM>银企直连测试用户110</LGNNAM>
  </INFO>
  <SDKPAYRQX>
    <BUSCOD>N02031</BUSCOD>
  </SDKPAYRQX>
  <DCOPDPAYX>
    <YURREF>201710271054241752</YURREF>
    <EPTDAT>20171027</EPTDAT>
    <DBTACC>755915712310104</DBTACC>
    <DBTBBK>75</DBTBBK>
    <TRSAMT>0.01</TRSAMT>
    <CCYNBR>10</CCYNBR>
    <STLCHN>N</STLCHN>
    <NUSAGE>TEST0913</NUSAGE>
    <BUSNAR>
    </BUSNAR>
    <CRTACC>6225885910000066</CRTACC>
    <CRTNAM>曾亮</CRTNAM>
    <LRVEAN>
    </LRVEAN>
    <BRDNBR>308290003020</BRDNBR>
    <BNKFLG>Y</BNKFLG>
    <CRTBNK>招商银行上海分行营业部</CRTBNK>
    <CRTADR>上海市上海市</CRTADR>
    <NTFCH1>a@a.a</NTFCH1>
    <RCVCHK>1</RCVCHK>
  </DCOPDPAYX>
</CMBSDKPGK>'

2017-10-27 10:56:30,556 [155] DEBUG - InsertXmlLog(CMBPayment.MainDataAccess) End
2017-10-27 10:56:30,585 [155] DEBUG - InsertXmlLog(CMBPayment.MainController) End
2017-10-27 10:56:30,585 [155] DEBUG - InsertXmlLog(CMBPayment.MainController) Start
2017-10-27 10:56:30,585 [155] DEBUG - InsertXmlLog(CMBPayment.MainDataAccess) Start
2017-10-27 10:56:30,585 [155] DEBUG - insert into cmb_t_swift_log
                   (swift_type,
	                content,
	                ins_id,
	                ins_time)
                values (
	                'DCPAYMNT_RESPONSE',
	                '<?xml version="1.0" encoding="GBK"?><CMBSDKPGK><INFO><DATTYP>2</DATTYP><ERRMSG></ERRMSG><FUNNAM>DCPAYMNT</FUNNAM><LGNNAM>银企直连测试用户110</LGNNAM><RETCOD>0</RETCOD></INFO><NTQPAYRQZ><ERRCOD>SUC0000</ERRCOD><REQNBR>0029570224</REQNBR><REQSTS>NTE</REQSTS><SQRNBR>0000000000</SQRNBR><YURREF>201710271054241752</YURREF></NTQPAYRQZ></CMBSDKPGK>',
	                '1560004',
	                getdate()
                );
@swift_type:'DCPAYMNT_RESPONSE'
@ins_id:'1560004'
@content:'<?xml version="1.0" encoding="GBK"?><CMBSDKPGK><INFO><DATTYP>2</DATTYP><ERRMSG></ERRMSG><FUNNAM>DCPAYMNT</FUNNAM><LGNNAM>银企直连测试用户110</LGNNAM><RETCOD>0</RETCOD></INFO><NTQPAYRQZ><ERRCOD>SUC0000</ERRCOD><REQNBR>0029570224</REQNBR><REQSTS>NTE</REQSTS><SQRNBR>0000000000</SQRNBR><YURREF>201710271054241752</YURREF></NTQPAYRQZ></CMBSDKPGK>'

2017-10-27 10:56:30,659 [155] DEBUG - InsertXmlLog(CMBPayment.MainDataAccess) End
2017-10-27 10:56:30,690 [155] DEBUG - InsertXmlLog(CMBPayment.MainController) End
2017-10-27 10:56:31,393 [155] DEBUG - UpdateBatchAndPaymentStatus(CMBPayment.MainController) Start
2017-10-27 10:56:33,185 [155] DEBUG - UpdatePaymentInfo(CMBPayment.MainDataAccess) Start
2017-10-27 10:56:33,217 [155] DEBUG - UpdatePaymentInfo(CMBPayment.MainDataAccess) End
2017-10-27 10:56:33,217 [155] DEBUG - UpdateBatchInfo(CMBPayment.MainDataAccess) Start
2017-10-27 10:56:33,224 [155] DEBUG - UpdateBatchInfo(CMBPayment.MainDataAccess) End
2017-10-27 10:56:33,252 [155] DEBUG - UpdateBatchAndPaymentStatus(CMBPayment.MainController) End
2017-10-27 10:56:33,253 [155] DEBUG - GetBatchList(CMBPayment.MainController) Start
2017-10-27 10:56:33,253 [155] DEBUG - GetBatchList(CMBPayment.MainDataAccess) Start
2017-10-27 10:56:33,253 [155] DEBUG - SP_WEB_PAGING(@TABLENAMES='	cmb_t_batch a
 left join cmb_m_code mc1 ON mc1.type = 'BATCH_STATUS' AND mc1.cd = a.status_id
',@COLUMNS='	  A.batch_id
	, A.pay_cnt
	, A.ttl_amt
	, A.status_id
	, MC1.CD_NM AS status
	, A.maker_id
	, convert(varchar,A.maker_time,103) maker_time
	, A.appr1_id
	, convert(varchar,A.appr1_time,103) appr1_time
	, A.appr2_id
	, convert(varchar,A.appr2_time,103) appr2_time
	, A.rejc_id
	, convert(varchar,A.rejc_time,103) rejc_time
	, convert(varchar,A.update_time,121) update_time
',@ORDERCOLUMNNAME='a.batch_id desc',@WHERE=' 1 = 1 ',@PAGECURRENTINDEX='1',@PAGEEACHSIZE='10',@PAGECOUNT='0',@ITEMSCOUNT='0',)
@TABLENAMES:'	cmb_t_batch a
 left join cmb_m_code mc1 ON mc1.type = 'BATCH_STATUS' AND mc1.cd = a.status_id
'
@COLUMNS:'	  A.batch_id
	, A.pay_cnt
	, A.ttl_amt
	, A.status_id
	, MC1.CD_NM AS status
	, A.maker_id
	, convert(varchar,A.maker_time,103) maker_time
	, A.appr1_id
	, convert(varchar,A.appr1_time,103) appr1_time
	, A.appr2_id
	, convert(varchar,A.appr2_time,103) appr2_time
	, A.rejc_id
	, convert(varchar,A.rejc_time,103) rejc_time
	, convert(varchar,A.update_time,121) update_time
'
@ORDERCOLUMNNAME:'a.batch_id desc'
@WHERE:' 1 = 1 '
@PAGECURRENTINDEX:'1'
@PAGEEACHSIZE:'10'
@PAGECOUNT:'0'
@ITEMSCOUNT:'0'

2017-10-27 10:56:33,254 [155] DEBUG - 5行处理完成。
2017-10-27 10:56:33,254 [155] DEBUG - GetBatchList(CMBPayment.MainDataAccess) End
2017-10-27 10:56:33,254 [155] DEBUG - GetBatchList(CMBPayment.MainController) End
[Footer]
