[Header]
2017-09-20 17:33:01,738 [108] DEBUG - InitUserInfo(CMBPayment.CommonController) Start
2017-09-20 17:33:01,912 [108] DEBUG - GetUserBaseInfo(CMBPayment.CommonDataAccess) Start
2017-09-20 17:33:01,913 [108] DEBUG - SELECT 
                            U.USER_ID,  
                            U.ROLE_ID,
                            R.ROLE_NM,
                            U.cmb_account,
                            R.amount_limit
                       FROM 
                            CMB_M_USER U
                       LEFT JOIN CMB_M_ROLE R
                       ON U.ROLE_ID = R.ROLE_ID
                       WHERE 
                            UPPER(U.USER_ID) = UPPER('1560003')
@USER_ID:'1560003'

2017-09-20 17:33:01,918 [108] DEBUG - 1行处理完成。
2017-09-20 17:33:01,918 [108] DEBUG - GetUserBaseInfo(CMBPayment.CommonDataAccess) End
2017-09-20 17:33:01,918 [108] DEBUG - InitUserInfo(CMBPayment.CommonController) End
2017-09-20 17:33:01,947 [111] DEBUG - GetSystemControlInfo(CMBPayment.CommonController) Start
2017-09-20 17:33:01,948 [111] DEBUG - GetSystemConfigInfo(CMBPayment.CommonDataAccess) Start
2017-09-20 17:33:01,948 [111] DEBUG - SELECT CONF_KEY,CONF_VALUE FROM CMB_M_SYSCONF

2017-09-20 17:33:01,952 [111] DEBUG - 1行处理完成。
2017-09-20 17:33:01,953 [111] DEBUG - GetSystemConfigInfo(CMBPayment.CommonDataAccess) End
2017-09-20 17:33:01,953 [111] DEBUG - GetSystemControlInfo(CMBPayment.CommonController) End
2017-09-20 17:33:01,954 [111] DEBUG - GetBatchList(CMBPayment.BatchController) Start
2017-09-20 17:33:01,955 [111] DEBUG - GetBatchList(CMBPayment.BatchDataAccess) Start
2017-09-20 17:33:01,958 [111] DEBUG - SP_WEB_PAGING(@TABLENAMES='	cmb_t_batch a
 left join cmb_m_code mc1 ON mc1.type = 'BATCH_STATUS' AND mc1.cd = a.status_id
',@COLUMNS='	  A.batch_id
	, A.pay_cnt
	, A.ttl_amt
	, A.status_id
	, MC1.CD_NM AS status
	, A.maker_id
	, convert(varchar,A.maker_time,103) maker_time
	, A.appr1_id
	, convert(varchar,A.appr1_time,103) appr1_time
	, A.appr2_id
	, convert(varchar,A.appr2_time,103) appr2_time
	, A.rejc_id
	, convert(varchar,A.rejc_time,103) rejc_time
	, convert(varchar,A.update_time,121) update_time
',@ORDERCOLUMNNAME='a.batch_id desc',@WHERE=' 1 = 1 ',@PAGECURRENTINDEX='1',@PAGEEACHSIZE='10',@PAGECOUNT='0',@ITEMSCOUNT='0',)
@TABLENAMES:'	cmb_t_batch a
 left join cmb_m_code mc1 ON mc1.type = 'BATCH_STATUS' AND mc1.cd = a.status_id
'
@COLUMNS:'	  A.batch_id
	, A.pay_cnt
	, A.ttl_amt
	, A.status_id
	, MC1.CD_NM AS status
	, A.maker_id
	, convert(varchar,A.maker_time,103) maker_time
	, A.appr1_id
	, convert(varchar,A.appr1_time,103) appr1_time
	, A.appr2_id
	, convert(varchar,A.appr2_time,103) appr2_time
	, A.rejc_id
	, convert(varchar,A.rejc_time,103) rejc_time
	, convert(varchar,A.update_time,121) update_time
'
@ORDERCOLUMNNAME:'a.batch_id desc'
@WHERE:' 1 = 1 '
@PAGECURRENTINDEX:'1'
@PAGEEACHSIZE:'10'
@PAGECOUNT:'0'
@ITEMSCOUNT:'0'

2017-09-20 17:33:01,966 [111] DEBUG - 10行处理完成。
2017-09-20 17:33:01,966 [111] DEBUG - GetBatchList(CMBPayment.BatchDataAccess) End
2017-09-20 17:33:01,966 [111] DEBUG - GetBatchList(CMBPayment.BatchController) End
2017-09-20 17:33:01,981 [111] INFO  - 1560003访问了batch。
2017-09-20 17:33:16,263 [109] DEBUG - GetSucBatchList(CMBPayment.BatchController) Start
2017-09-20 17:33:16,264 [109] DEBUG - GetSucBatchList(CMBPayment.BatchDataAccess) Start
2017-09-20 17:33:16,265 [109] DEBUG - SP_WEB_PAGING(@TABLENAMES='	cmb_t_batch a
 left join cmb_m_code mc1 ON mc1.type = 'BATCH_STATUS' AND mc1.cd = a.status_id
',@COLUMNS='	  A.batch_id
	, A.pay_cnt
	, A.ttl_amt
	, A.status_id
	, MC1.CD_NM AS status
	, A.maker_id
	, convert(varchar,A.maker_time,103) maker_time
	, A.appr1_id
	, convert(varchar,A.appr1_time,103) appr1_time
	, A.appr2_id
	, convert(varchar,A.appr2_time,103) appr2_time
	, A.rejc_id
	, convert(varchar,A.rejc_time,103) rejc_time
	, convert(varchar,A.update_time,121) update_time
',@ORDERCOLUMNNAME='a.batch_id desc',@WHERE=' 1 = 1  AND A.status_id in ('01') ',@PAGECURRENTINDEX='1',@PAGEEACHSIZE='10',@PAGECOUNT='0',@ITEMSCOUNT='0',)
@TABLENAMES:'	cmb_t_batch a
 left join cmb_m_code mc1 ON mc1.type = 'BATCH_STATUS' AND mc1.cd = a.status_id
'
@COLUMNS:'	  A.batch_id
	, A.pay_cnt
	, A.ttl_amt
	, A.status_id
	, MC1.CD_NM AS status
	, A.maker_id
	, convert(varchar,A.maker_time,103) maker_time
	, A.appr1_id
	, convert(varchar,A.appr1_time,103) appr1_time
	, A.appr2_id
	, convert(varchar,A.appr2_time,103) appr2_time
	, A.rejc_id
	, convert(varchar,A.rejc_time,103) rejc_time
	, convert(varchar,A.update_time,121) update_time
'
@ORDERCOLUMNNAME:'a.batch_id desc'
@WHERE:' 1 = 1  AND A.status_id in ('01') '
@PAGECURRENTINDEX:'1'
@PAGEEACHSIZE:'10'
@PAGECOUNT:'0'
@ITEMSCOUNT:'0'

2017-09-20 17:33:16,282 [109] DEBUG - 3行处理完成。
2017-09-20 17:33:16,282 [109] DEBUG - GetSucBatchList(CMBPayment.BatchDataAccess) End
2017-09-20 17:33:16,283 [109] DEBUG - GetSucBatchList(CMBPayment.BatchController) End
2017-09-20 17:33:16,290 [109] DEBUG - GetFailBatchList(CMBPayment.BatchController) Start
2017-09-20 17:33:16,291 [109] DEBUG - GetFailBatchList(CMBPayment.BatchDataAccess) Start
2017-09-20 17:33:16,291 [109] DEBUG - SP_WEB_PAGING(@TABLENAMES='	cmb_t_batch a
 left join cmb_m_code mc1 ON mc1.type = 'BATCH_STATUS' AND mc1.cd = a.status_id
',@COLUMNS='	  A.batch_id
	, A.pay_cnt
	, A.ttl_amt
	, A.status_id
	, MC1.CD_NM AS status
	, A.maker_id
	, convert(varchar,A.maker_time,103) maker_time
	, A.appr1_id
	, convert(varchar,A.appr1_time,103) appr1_time
	, A.appr2_id
	, convert(varchar,A.appr2_time,103) appr2_time
	, A.rejc_id
	, convert(varchar,A.rejc_time,103) rejc_time
	, convert(varchar,A.update_time,121) update_time
',@ORDERCOLUMNNAME='a.batch_id desc',@WHERE=' 1 = 1  AND A.status_id in ('01') ',@PAGECURRENTINDEX='1',@PAGEEACHSIZE='10',@PAGECOUNT='0',@ITEMSCOUNT='0',)
@TABLENAMES:'	cmb_t_batch a
 left join cmb_m_code mc1 ON mc1.type = 'BATCH_STATUS' AND mc1.cd = a.status_id
'
@COLUMNS:'	  A.batch_id
	, A.pay_cnt
	, A.ttl_amt
	, A.status_id
	, MC1.CD_NM AS status
	, A.maker_id
	, convert(varchar,A.maker_time,103) maker_time
	, A.appr1_id
	, convert(varchar,A.appr1_time,103) appr1_time
	, A.appr2_id
	, convert(varchar,A.appr2_time,103) appr2_time
	, A.rejc_id
	, convert(varchar,A.rejc_time,103) rejc_time
	, convert(varchar,A.update_time,121) update_time
'
@ORDERCOLUMNNAME:'a.batch_id desc'
@WHERE:' 1 = 1  AND A.status_id in ('01') '
@PAGECURRENTINDEX:'1'
@PAGEEACHSIZE:'10'
@PAGECOUNT:'0'
@ITEMSCOUNT:'0'

2017-09-20 17:33:16,296 [109] DEBUG - 3行处理完成。
2017-09-20 17:33:16,296 [109] DEBUG - GetFailBatchList(CMBPayment.BatchDataAccess) End
2017-09-20 17:33:16,296 [109] DEBUG - GetFailBatchList(CMBPayment.BatchController) End
2017-09-20 17:33:16,302 [109] INFO  - 1560003访问了batch。
[Footer]
[Header]
2017-09-20 18:55:45,803 [109] DEBUG - InitUserInfo(CMBPayment.CommonController) Start
2017-09-20 18:55:45,868 [109] DEBUG - GetUserBaseInfo(CMBPayment.CommonDataAccess) Start
2017-09-20 18:55:45,870 [109] DEBUG - SELECT 
                            U.USER_ID,  
                            U.ROLE_ID,
                            R.ROLE_NM,
                            U.cmb_account,
                            R.amount_limit
                       FROM 
                            CMB_M_USER U
                       LEFT JOIN CMB_M_ROLE R
                       ON U.ROLE_ID = R.ROLE_ID
                       WHERE 
                            UPPER(U.USER_ID) = UPPER('1560003')
@USER_ID:'1560003'

2017-09-20 18:55:45,884 [109] DEBUG - 1行处理完成。
2017-09-20 18:55:45,885 [109] DEBUG - GetUserBaseInfo(CMBPayment.CommonDataAccess) End
2017-09-20 18:55:45,886 [109] DEBUG - InitUserInfo(CMBPayment.CommonController) End
2017-09-20 18:55:45,982 [107] DEBUG - GetSystemControlInfo(CMBPayment.CommonController) Start
2017-09-20 18:55:45,983 [107] DEBUG - GetSystemConfigInfo(CMBPayment.CommonDataAccess) Start
2017-09-20 18:55:45,983 [107] DEBUG - SELECT CONF_KEY,CONF_VALUE FROM CMB_M_SYSCONF

2017-09-20 18:55:45,986 [107] DEBUG - 1行处理完成。
2017-09-20 18:55:45,986 [107] DEBUG - GetSystemConfigInfo(CMBPayment.CommonDataAccess) End
2017-09-20 18:55:45,986 [107] DEBUG - GetSystemControlInfo(CMBPayment.CommonController) End
2017-09-20 18:55:45,988 [107] DEBUG - GetBatchList(CMBPayment.BatchController) Start
2017-09-20 18:55:45,988 [107] DEBUG - GetBatchList(CMBPayment.BatchDataAccess) Start
2017-09-20 18:55:45,990 [107] DEBUG - SP_WEB_PAGING(@TABLENAMES='	cmb_t_batch a
 left join cmb_m_code mc1 ON mc1.type = 'BATCH_STATUS' AND mc1.cd = a.status_id
',@COLUMNS='	  A.batch_id
	, A.pay_cnt
	, A.ttl_amt
	, A.status_id
	, MC1.CD_NM AS status
	, A.maker_id
	, convert(varchar,A.maker_time,103) maker_time
	, A.appr1_id
	, convert(varchar,A.appr1_time,103) appr1_time
	, A.appr2_id
	, convert(varchar,A.appr2_time,103) appr2_time
	, A.rejc_id
	, convert(varchar,A.rejc_time,103) rejc_time
	, convert(varchar,A.update_time,121) update_time
',@ORDERCOLUMNNAME='a.batch_id desc',@WHERE=' 1 = 1 ',@PAGECURRENTINDEX='1',@PAGEEACHSIZE='10',@PAGECOUNT='0',@ITEMSCOUNT='0',)
@TABLENAMES:'	cmb_t_batch a
 left join cmb_m_code mc1 ON mc1.type = 'BATCH_STATUS' AND mc1.cd = a.status_id
'
@COLUMNS:'	  A.batch_id
	, A.pay_cnt
	, A.ttl_amt
	, A.status_id
	, MC1.CD_NM AS status
	, A.maker_id
	, convert(varchar,A.maker_time,103) maker_time
	, A.appr1_id
	, convert(varchar,A.appr1_time,103) appr1_time
	, A.appr2_id
	, convert(varchar,A.appr2_time,103) appr2_time
	, A.rejc_id
	, convert(varchar,A.rejc_time,103) rejc_time
	, convert(varchar,A.update_time,121) update_time
'
@ORDERCOLUMNNAME:'a.batch_id desc'
@WHERE:' 1 = 1 '
@PAGECURRENTINDEX:'1'
@PAGEEACHSIZE:'10'
@PAGECOUNT:'0'
@ITEMSCOUNT:'0'

2017-09-20 18:55:45,996 [107] DEBUG - 10行处理完成。
2017-09-20 18:55:45,996 [107] DEBUG - GetBatchList(CMBPayment.BatchDataAccess) End
2017-09-20 18:55:45,996 [107] DEBUG - GetBatchList(CMBPayment.BatchController) End
2017-09-20 18:55:46,008 [107] INFO  - 1560003访问了batch。
[Footer]
[Header]
2017-09-20 23:59:59,759 [206] DEBUG - InitUserInfo(CMBPayment.CommonController) Start
[Footer]
